{"/Users/egutierrez/Documents/Repos/Instagram/.eslintrc.js": {"path":"/Users/egutierrez/Documents/Repos/Instagram/.eslintrc.js","statementMap":{"0":{"start":{"line":1,"column":0},"end":{"line":7,"column":2}}},"fnMap":{},"branchMap":{},"s":{"0":0},"f":{},"b":{}}
,"/Users/egutierrez/Documents/Repos/Instagram/.prettierrc.js": {"path":"/Users/egutierrez/Documents/Repos/Instagram/.prettierrc.js","statementMap":{"0":{"start":{"line":1,"column":0},"end":{"line":7,"column":2}}},"fnMap":{},"branchMap":{},"s":{"0":0},"f":{},"b":{}}
,"/Users/egutierrez/Documents/Repos/Instagram/App.tsx": {"path":"/Users/egutierrez/Documents/Repos/Instagram/App.tsx","statementMap":{"0":{"start":{"line":14,"column":18},"end":{"line":26,"column":1}},"1":{"start":{"line":15,"column":2},"end":{"line":15,"column":35}},"2":{"start":{"line":16,"column":19},"end":{"line":21,"column":4}},"3":{"start":{"line":23,"column":2},"end":{"line":25,"column":3}},"4":{"start":{"line":24,"column":4},"end":{"line":24,"column":34}},"5":{"start":{"line":28,"column":22},"end":{"line":34,"column":2}},"6":{"start":{"line":36,"column":0},"end":{"line":36,"column":33}},"7":{"start":{"line":38,"column":12},"end":{"line":52,"column":1}},"8":{"start":{"line":39,"column":2},"end":{"line":51,"column":4}}},"fnMap":{"0":{"name":"(anonymous_0)","decl":{"start":{"line":14,"column":18},"end":{"line":14,"column":19}},"loc":{"start":{"line":14,"column":62},"end":{"line":26,"column":1}},"line":14},"1":{"name":"(anonymous_1)","decl":{"start":{"line":38,"column":12},"end":{"line":38,"column":13}},"loc":{"start":{"line":38,"column":18},"end":{"line":52,"column":1}},"line":38}},"branchMap":{"0":{"loc":{"start":{"line":23,"column":2},"end":{"line":25,"column":3}},"type":"if","locations":[{"start":{"line":23,"column":2},"end":{"line":25,"column":3}},{"start":{},"end":{}}],"line":23}},"s":{"0":1,"1":0,"2":0,"3":0,"4":0,"5":1,"6":1,"7":1,"8":1},"f":{"0":0,"1":1},"b":{"0":[0,0]},"_coverageSchema":"1a1c01bbd47fc00a2c39e90264f33305004495a9","hash":"c36f640548573fa317f07b93cdee833d1c3511aa"}
,"/Users/egutierrez/Documents/Repos/Instagram/fileMock.js": {"path":"/Users/egutierrez/Documents/Repos/Instagram/fileMock.js","statementMap":{"0":{"start":{"line":1,"column":0},"end":{"line":1,"column":34}}},"fnMap":{},"branchMap":{},"s":{"0":2},"f":{},"b":{},"_coverageSchema":"1a1c01bbd47fc00a2c39e90264f33305004495a9","hash":"c81b546fff135a6197c21315074b4bcf9f44cfd5"}
,"/Users/egutierrez/Documents/Repos/Instagram/index.js": {"path":"/Users/egutierrez/Documents/Repos/Instagram/index.js","statementMap":{"0":{"start":{"line":9,"column":0},"end":{"line":9,"column":50}},"1":{"start":{"line":9,"column":45},"end":{"line":9,"column":48}}},"fnMap":{"0":{"name":"(anonymous_0)","decl":{"start":{"line":9,"column":39},"end":{"line":9,"column":40}},"loc":{"start":{"line":9,"column":45},"end":{"line":9,"column":48}},"line":9}},"branchMap":{},"s":{"0":0,"1":0},"f":{"0":0},"b":{}}
,"/Users/egutierrez/Documents/Repos/Instagram/metro.config.js": {"path":"/Users/egutierrez/Documents/Repos/Instagram/metro.config.js","statementMap":{"0":{"start":{"line":7,"column":22},"end":{"line":7,"column":72}},"1":{"start":{"line":9,"column":0},"end":{"line":21,"column":2}},"2":{"start":{"line":11,"column":38},"end":{"line":16,"column":5}}},"fnMap":{"0":{"name":"(anonymous_0)","decl":{"start":{"line":11,"column":25},"end":{"line":11,"column":26}},"loc":{"start":{"line":11,"column":38},"end":{"line":16,"column":5}},"line":11}},"branchMap":{},"s":{"0":0,"1":0,"2":0},"f":{"0":0},"b":{}}
,"/Users/egutierrez/Documents/Repos/Instagram/amplify/backend/function/FeedGenerator/src/PostEventHandler.js": {"path":"/Users/egutierrez/Documents/Repos/Instagram/amplify/backend/function/FeedGenerator/src/PostEventHandler.js","statementMap":{"0":{"start":{"line":1,"column":12},"end":{"line":1,"column":30}},"1":{"start":{"line":2,"column":18},"end":{"line":2,"column":51}},"2":{"start":{"line":4,"column":12},"end":{"line":4,"column":27}},"3":{"start":{"line":5,"column":18},"end":{"line":5,"column":62}},"4":{"start":{"line":6,"column":28},"end":{"line":6,"column":60}},"5":{"start":{"line":7,"column":30},"end":{"line":7,"column":64}},"6":{"start":{"line":9,"column":15},"end":{"line":27,"column":1}},"7":{"start":{"line":11,"column":2},"end":{"line":13,"column":3}},"8":{"start":{"line":12,"column":4},"end":{"line":12,"column":11}},"9":{"start":{"line":15,"column":17},"end":{"line":15,"column":50}},"10":{"start":{"line":18,"column":20},"end":{"line":18,"column":46}},"11":{"start":{"line":19,"column":2},"end":{"line":19,"column":25}},"12":{"start":{"line":22,"column":2},"end":{"line":26,"column":4}},"13":{"start":{"line":24,"column":6},"end":{"line":24,"column":71}},"14":{"start":{"line":29,"column":27},"end":{"line":63,"column":1}},"15":{"start":{"line":30,"column":15},"end":{"line":30,"column":25}},"16":{"start":{"line":31,"column":18},"end":{"line":31,"column":36}},"17":{"start":{"line":32,"column":20},"end":{"line":32,"column":34}},"18":{"start":{"line":34,"column":15},"end":{"line":49,"column":3}},"19":{"start":{"line":51,"column":2},"end":{"line":51,"column":20}},"20":{"start":{"line":53,"column":17},"end":{"line":56,"column":3}},"21":{"start":{"line":58,"column":2},"end":{"line":62,"column":3}},"22":{"start":{"line":59,"column":4},"end":{"line":59,"column":42}},"23":{"start":{"line":61,"column":4},"end":{"line":61,"column":19}},"24":{"start":{"line":65,"column":21},"end":{"line":86,"column":1}},"25":{"start":{"line":67,"column":17},"end":{"line":78,"column":3}},"26":{"start":{"line":80,"column":2},"end":{"line":85,"column":3}},"27":{"start":{"line":81,"column":19},"end":{"line":81,"column":58}},"28":{"start":{"line":82,"column":4},"end":{"line":82,"column":24}},"29":{"start":{"line":84,"column":4},"end":{"line":84,"column":19}},"30":{"start":{"line":88,"column":0},"end":{"line":88,"column":24}}},"fnMap":{"0":{"name":"(anonymous_0)","decl":{"start":{"line":9,"column":15},"end":{"line":9,"column":16}},"loc":{"start":{"line":9,"column":31},"end":{"line":27,"column":1}},"line":9},"1":{"name":"(anonymous_1)","decl":{"start":{"line":23,"column":18},"end":{"line":23,"column":19}},"loc":{"start":{"line":24,"column":6},"end":{"line":24,"column":71}},"line":24},"2":{"name":"(anonymous_2)","decl":{"start":{"line":29,"column":27},"end":{"line":29,"column":28}},"loc":{"start":{"line":29,"column":56},"end":{"line":63,"column":1}},"line":29},"3":{"name":"(anonymous_3)","decl":{"start":{"line":65,"column":21},"end":{"line":65,"column":22}},"loc":{"start":{"line":65,"column":37},"end":{"line":86,"column":1}},"line":65}},"branchMap":{"0":{"loc":{"start":{"line":11,"column":2},"end":{"line":13,"column":3}},"type":"if","locations":[{"start":{"line":11,"column":2},"end":{"line":13,"column":3}},{"start":{},"end":{}}],"line":11}},"s":{"0":0,"1":0,"2":0,"3":0,"4":0,"5":0,"6":0,"7":0,"8":0,"9":0,"10":0,"11":0,"12":0,"13":0,"14":0,"15":0,"16":0,"17":0,"18":0,"19":0,"20":0,"21":0,"22":0,"23":0,"24":0,"25":0,"26":0,"27":0,"28":0,"29":0,"30":0},"f":{"0":0,"1":0,"2":0,"3":0},"b":{"0":[0,0]}}
,"/Users/egutierrez/Documents/Repos/Instagram/amplify/backend/function/FeedGenerator/src/UserFollowEventHandler.js": {"path":"/Users/egutierrez/Documents/Repos/Instagram/amplify/backend/function/FeedGenerator/src/UserFollowEventHandler.js","statementMap":{"0":{"start":{"line":1,"column":12},"end":{"line":1,"column":30}},"1":{"start":{"line":2,"column":18},"end":{"line":2,"column":51}},"2":{"start":{"line":4,"column":12},"end":{"line":4,"column":27}},"3":{"start":{"line":5,"column":18},"end":{"line":5,"column":62}},"4":{"start":{"line":6,"column":22},"end":{"line":6,"column":48}},"5":{"start":{"line":7,"column":30},"end":{"line":7,"column":64}},"6":{"start":{"line":9,"column":19},"end":{"line":9,"column":21}},"7":{"start":{"line":11,"column":15},"end":{"line":24,"column":1}},"8":{"start":{"line":12,"column":21},"end":{"line":12,"column":51}},"9":{"start":{"line":13,"column":21},"end":{"line":13,"column":51}},"10":{"start":{"line":15,"column":2},"end":{"line":23,"column":3}},"11":{"start":{"line":16,"column":4},"end":{"line":16,"column":61}},"12":{"start":{"line":17,"column":9},"end":{"line":23,"column":3}},"13":{"start":{"line":22,"column":4},"end":{"line":22,"column":66}},"14":{"start":{"line":26,"column":40},"end":{"line":36,"column":1}},"15":{"start":{"line":27,"column":24},"end":{"line":27,"column":58}},"16":{"start":{"line":28,"column":2},"end":{"line":30,"column":4}},"17":{"start":{"line":32,"column":2},"end":{"line":35,"column":3}},"18":{"start":{"line":32,"column":15},"end":{"line":32,"column":16}},"19":{"start":{"line":33,"column":19},"end":{"line":33,"column":57}},"20":{"start":{"line":34,"column":4},"end":{"line":34,"column":38}},"21":{"start":{"line":38,"column":25},"end":{"line":61,"column":1}},"22":{"start":{"line":39,"column":17},"end":{"line":52,"column":3}},"23":{"start":{"line":54,"column":2},"end":{"line":60,"column":3}},"24":{"start":{"line":55,"column":19},"end":{"line":55,"column":58}},"25":{"start":{"line":56,"column":4},"end":{"line":56,"column":24}},"26":{"start":{"line":58,"column":4},"end":{"line":58,"column":19}},"27":{"start":{"line":59,"column":4},"end":{"line":59,"column":14}},"28":{"start":{"line":63,"column":35},"end":{"line":71,"column":1}},"29":{"start":{"line":64,"column":16},"end":{"line":64,"column":53}},"30":{"start":{"line":65,"column":2},"end":{"line":65,"column":76}},"31":{"start":{"line":67,"column":2},"end":{"line":70,"column":3}},"32":{"start":{"line":67,"column":15},"end":{"line":67,"column":16}},"33":{"start":{"line":68,"column":19},"end":{"line":68,"column":49}},"34":{"start":{"line":69,"column":4},"end":{"line":69,"column":49}},"35":{"start":{"line":73,"column":27},"end":{"line":87,"column":1}},"36":{"start":{"line":74,"column":17},"end":{"line":80,"column":3}},"37":{"start":{"line":77,"column":8},"end":{"line":77,"column":40}},"38":{"start":{"line":82,"column":2},"end":{"line":86,"column":3}},"39":{"start":{"line":83,"column":4},"end":{"line":83,"column":49}},"40":{"start":{"line":85,"column":4},"end":{"line":85,"column":21}},"41":{"start":{"line":89,"column":28},"end":{"line":100,"column":1}},"42":{"start":{"line":90,"column":17},"end":{"line":94,"column":3}},"43":{"start":{"line":95,"column":2},"end":{"line":99,"column":3}},"44":{"start":{"line":96,"column":4},"end":{"line":96,"column":49}},"45":{"start":{"line":98,"column":4},"end":{"line":98,"column":19}},"46":{"start":{"line":102,"column":27},"end":{"line":128,"column":1}},"47":{"start":{"line":103,"column":15},"end":{"line":103,"column":25}},"48":{"start":{"line":104,"column":18},"end":{"line":104,"column":36}},"49":{"start":{"line":105,"column":20},"end":{"line":105,"column":34}},"50":{"start":{"line":107,"column":2},"end":{"line":127,"column":4}},"51":{"start":{"line":130,"column":30},"end":{"line":138,"column":1}},"52":{"start":{"line":131,"column":2},"end":{"line":137,"column":4}},"53":{"start":{"line":140,"column":28},"end":{"line":161,"column":1}},"54":{"start":{"line":141,"column":17},"end":{"line":152,"column":3}},"55":{"start":{"line":154,"column":2},"end":{"line":160,"column":3}},"56":{"start":{"line":155,"column":19},"end":{"line":155,"column":58}},"57":{"start":{"line":156,"column":4},"end":{"line":156,"column":24}},"58":{"start":{"line":158,"column":4},"end":{"line":158,"column":19}},"59":{"start":{"line":159,"column":4},"end":{"line":159,"column":14}},"60":{"start":{"line":163,"column":0},"end":{"line":163,"column":24}}},"fnMap":{"0":{"name":"(anonymous_0)","decl":{"start":{"line":11,"column":15},"end":{"line":11,"column":16}},"loc":{"start":{"line":11,"column":48},"end":{"line":24,"column":1}},"line":11},"1":{"name":"(anonymous_1)","decl":{"start":{"line":26,"column":40},"end":{"line":26,"column":41}},"loc":{"start":{"line":26,"column":74},"end":{"line":36,"column":1}},"line":26},"2":{"name":"(anonymous_2)","decl":{"start":{"line":38,"column":25},"end":{"line":38,"column":26}},"loc":{"start":{"line":38,"column":59},"end":{"line":61,"column":1}},"line":38},"3":{"name":"(anonymous_3)","decl":{"start":{"line":63,"column":35},"end":{"line":63,"column":36}},"loc":{"start":{"line":63,"column":69},"end":{"line":71,"column":1}},"line":63},"4":{"name":"(anonymous_4)","decl":{"start":{"line":73,"column":27},"end":{"line":73,"column":28}},"loc":{"start":{"line":73,"column":52},"end":{"line":87,"column":1}},"line":73},"5":{"name":"(anonymous_5)","decl":{"start":{"line":76,"column":41},"end":{"line":76,"column":42}},"loc":{"start":{"line":77,"column":8},"end":{"line":77,"column":40}},"line":77},"6":{"name":"(anonymous_6)","decl":{"start":{"line":89,"column":28},"end":{"line":89,"column":29}},"loc":{"start":{"line":89,"column":43},"end":{"line":100,"column":1}},"line":89},"7":{"name":"(anonymous_7)","decl":{"start":{"line":102,"column":27},"end":{"line":102,"column":28}},"loc":{"start":{"line":102,"column":45},"end":{"line":128,"column":1}},"line":102},"8":{"name":"(anonymous_8)","decl":{"start":{"line":130,"column":30},"end":{"line":130,"column":31}},"loc":{"start":{"line":130,"column":46},"end":{"line":138,"column":1}},"line":130},"9":{"name":"(anonymous_9)","decl":{"start":{"line":140,"column":28},"end":{"line":140,"column":29}},"loc":{"start":{"line":140,"column":44},"end":{"line":161,"column":1}},"line":140}},"branchMap":{"0":{"loc":{"start":{"line":15,"column":2},"end":{"line":23,"column":3}},"type":"if","locations":[{"start":{"line":15,"column":2},"end":{"line":23,"column":3}},{"start":{"line":17,"column":9},"end":{"line":23,"column":3}}],"line":15},"1":{"loc":{"start":{"line":17,"column":9},"end":{"line":23,"column":3}},"type":"if","locations":[{"start":{"line":17,"column":9},"end":{"line":23,"column":3}},{"start":{},"end":{}}],"line":17},"2":{"loc":{"start":{"line":18,"column":4},"end":{"line":20,"column":38}},"type":"binary-expr","locations":[{"start":{"line":18,"column":4},"end":{"line":18,"column":26}},{"start":{"line":19,"column":4},"end":{"line":19,"column":36}},{"start":{"line":20,"column":4},"end":{"line":20,"column":38}}],"line":18}},"s":{"0":0,"1":0,"2":0,"3":0,"4":0,"5":0,"6":0,"7":0,"8":0,"9":0,"10":0,"11":0,"12":0,"13":0,"14":0,"15":0,"16":0,"17":0,"18":0,"19":0,"20":0,"21":0,"22":0,"23":0,"24":0,"25":0,"26":0,"27":0,"28":0,"29":0,"30":0,"31":0,"32":0,"33":0,"34":0,"35":0,"36":0,"37":0,"38":0,"39":0,"40":0,"41":0,"42":0,"43":0,"44":0,"45":0,"46":0,"47":0,"48":0,"49":0,"50":0,"51":0,"52":0,"53":0,"54":0,"55":0,"56":0,"57":0,"58":0,"59":0,"60":0},"f":{"0":0,"1":0,"2":0,"3":0,"4":0,"5":0,"6":0,"7":0,"8":0,"9":0},"b":{"0":[0,0],"1":[0,0],"2":[0,0,0]}}
,"/Users/egutierrez/Documents/Repos/Instagram/amplify/backend/function/FeedGenerator/src/index.js": {"path":"/Users/egutierrez/Documents/Repos/Instagram/amplify/backend/function/FeedGenerator/src/index.js","statementMap":{"0":{"start":{"line":12,"column":25},"end":{"line":12,"column":54}},"1":{"start":{"line":13,"column":31},"end":{"line":13,"column":66}},"2":{"start":{"line":15,"column":0},"end":{"line":21,"column":2}},"3":{"start":{"line":16,"column":2},"end":{"line":16,"column":49}},"4":{"start":{"line":17,"column":2},"end":{"line":19,"column":3}},"5":{"start":{"line":18,"column":4},"end":{"line":18,"column":31}},"6":{"start":{"line":20,"column":2},"end":{"line":20,"column":67}},"7":{"start":{"line":23,"column":21},"end":{"line":35,"column":1}},"8":{"start":{"line":24,"column":2},"end":{"line":24,"column":30}},"9":{"start":{"line":25,"column":2},"end":{"line":25,"column":32}},"10":{"start":{"line":26,"column":2},"end":{"line":26,"column":54}},"11":{"start":{"line":28,"column":2},"end":{"line":34,"column":3}},"12":{"start":{"line":29,"column":4},"end":{"line":29,"column":35}},"13":{"start":{"line":30,"column":9},"end":{"line":34,"column":3}},"14":{"start":{"line":31,"column":4},"end":{"line":31,"column":41}},"15":{"start":{"line":33,"column":4},"end":{"line":33,"column":40}}},"fnMap":{"0":{"name":"(anonymous_0)","decl":{"start":{"line":15,"column":18},"end":{"line":15,"column":19}},"loc":{"start":{"line":15,"column":33},"end":{"line":21,"column":1}},"line":15},"1":{"name":"(anonymous_1)","decl":{"start":{"line":23,"column":21},"end":{"line":23,"column":22}},"loc":{"start":{"line":23,"column":37},"end":{"line":35,"column":1}},"line":23}},"branchMap":{"0":{"loc":{"start":{"line":28,"column":2},"end":{"line":34,"column":3}},"type":"if","locations":[{"start":{"line":28,"column":2},"end":{"line":34,"column":3}},{"start":{"line":30,"column":9},"end":{"line":34,"column":3}}],"line":28},"1":{"loc":{"start":{"line":30,"column":9},"end":{"line":34,"column":3}},"type":"if","locations":[{"start":{"line":30,"column":9},"end":{"line":34,"column":3}},{"start":{"line":32,"column":9},"end":{"line":34,"column":3}}],"line":30}},"s":{"0":0,"1":0,"2":0,"3":0,"4":0,"5":0,"6":0,"7":0,"8":0,"9":0,"10":0,"11":0,"12":0,"13":0,"14":0,"15":0},"f":{"0":0,"1":0},"b":{"0":[0,0],"1":[0,0]}}
,"/Users/egutierrez/Documents/Repos/Instagram/amplify/backend/function/InstagramPostConfirmation/src/custom.js": {"path":"/Users/egutierrez/Documents/Repos/Instagram/amplify/backend/function/InstagramPostConfirmation/src/custom.js","statementMap":{"0":{"start":{"line":4,"column":12},"end":{"line":4,"column":30}},"1":{"start":{"line":5,"column":18},"end":{"line":5,"column":51}},"2":{"start":{"line":7,"column":12},"end":{"line":7,"column":27}},"3":{"start":{"line":8,"column":18},"end":{"line":8,"column":62}},"4":{"start":{"line":9,"column":18},"end":{"line":9,"column":44}},"5":{"start":{"line":11,"column":19},"end":{"line":23,"column":1}},"6":{"start":{"line":12,"column":17},"end":{"line":15,"column":3}},"7":{"start":{"line":17,"column":2},"end":{"line":22,"column":3}},"8":{"start":{"line":18,"column":21},"end":{"line":18,"column":58}},"9":{"start":{"line":19,"column":4},"end":{"line":19,"column":28}},"10":{"start":{"line":21,"column":4},"end":{"line":21,"column":17}},"11":{"start":{"line":25,"column":17},"end":{"line":48,"column":1}},"12":{"start":{"line":26,"column":15},"end":{"line":26,"column":25}},"13":{"start":{"line":27,"column":18},"end":{"line":27,"column":36}},"14":{"start":{"line":28,"column":20},"end":{"line":28,"column":34}},"15":{"start":{"line":30,"column":15},"end":{"line":37,"column":3}},"16":{"start":{"line":38,"column":17},"end":{"line":41,"column":3}},"17":{"start":{"line":43,"column":2},"end":{"line":47,"column":3}},"18":{"start":{"line":44,"column":4},"end":{"line":44,"column":42}},"19":{"start":{"line":46,"column":4},"end":{"line":46,"column":19}},"20":{"start":{"line":50,"column":0},"end":{"line":76,"column":2}},"21":{"start":{"line":51,"column":2},"end":{"line":54,"column":3}},"22":{"start":{"line":52,"column":4},"end":{"line":52,"column":42}},"23":{"start":{"line":53,"column":4},"end":{"line":53,"column":11}},"24":{"start":{"line":56,"column":29},"end":{"line":56,"column":57}},"25":{"start":{"line":58,"column":18},"end":{"line":66,"column":3}},"26":{"start":{"line":68,"column":2},"end":{"line":73,"column":3}},"27":{"start":{"line":69,"column":4},"end":{"line":69,"column":28}},"28":{"start":{"line":70,"column":4},"end":{"line":70,"column":69}},"29":{"start":{"line":72,"column":4},"end":{"line":72,"column":53}},"30":{"start":{"line":75,"column":2},"end":{"line":75,"column":15}}},"fnMap":{"0":{"name":"(anonymous_0)","decl":{"start":{"line":11,"column":19},"end":{"line":11,"column":20}},"loc":{"start":{"line":11,"column":31},"end":{"line":23,"column":1}},"line":11},"1":{"name":"(anonymous_1)","decl":{"start":{"line":25,"column":17},"end":{"line":25,"column":18}},"loc":{"start":{"line":25,"column":31},"end":{"line":48,"column":1}},"line":25},"2":{"name":"(anonymous_2)","decl":{"start":{"line":50,"column":18},"end":{"line":50,"column":19}},"loc":{"start":{"line":50,"column":44},"end":{"line":76,"column":1}},"line":50}},"branchMap":{"0":{"loc":{"start":{"line":51,"column":2},"end":{"line":54,"column":3}},"type":"if","locations":[{"start":{"line":51,"column":2},"end":{"line":54,"column":3}},{"start":{},"end":{}}],"line":51},"1":{"loc":{"start":{"line":68,"column":2},"end":{"line":73,"column":3}},"type":"if","locations":[{"start":{"line":68,"column":2},"end":{"line":73,"column":3}},{"start":{"line":71,"column":9},"end":{"line":73,"column":3}}],"line":68}},"s":{"0":0,"1":0,"2":0,"3":0,"4":0,"5":0,"6":0,"7":0,"8":0,"9":0,"10":0,"11":0,"12":0,"13":0,"14":0,"15":0,"16":0,"17":0,"18":0,"19":0,"20":0,"21":0,"22":0,"23":0,"24":0,"25":0,"26":0,"27":0,"28":0,"29":0,"30":0},"f":{"0":0,"1":0,"2":0},"b":{"0":[0,0],"1":[0,0]}}
,"/Users/egutierrez/Documents/Repos/Instagram/amplify/backend/function/InstagramPostConfirmation/src/index.js": {"path":"/Users/egutierrez/Documents/Repos/Instagram/amplify/backend/function/InstagramPostConfirmation/src/index.js","statementMap":{"0":{"start":{"line":17,"column":20},"end":{"line":17,"column":50}},"1":{"start":{"line":21,"column":16},"end":{"line":21,"column":63}},"2":{"start":{"line":21,"column":42},"end":{"line":21,"column":62}},"3":{"start":{"line":30,"column":0},"end":{"line":38,"column":2}},"4":{"start":{"line":36,"column":2},"end":{"line":36,"column":77}},"5":{"start":{"line":36,"column":44},"end":{"line":36,"column":74}},"6":{"start":{"line":37,"column":2},"end":{"line":37,"column":15}}},"fnMap":{"0":{"name":"(anonymous_0)","decl":{"start":{"line":21,"column":32},"end":{"line":21,"column":33}},"loc":{"start":{"line":21,"column":42},"end":{"line":21,"column":62}},"line":21},"1":{"name":"(anonymous_1)","decl":{"start":{"line":30,"column":18},"end":{"line":30,"column":19}},"loc":{"start":{"line":30,"column":44},"end":{"line":38,"column":1}},"line":30},"2":{"name":"(anonymous_2)","decl":{"start":{"line":36,"column":32},"end":{"line":36,"column":33}},"loc":{"start":{"line":36,"column":44},"end":{"line":36,"column":74}},"line":36}},"branchMap":{},"s":{"0":0,"1":0,"2":0,"3":0,"4":0,"5":0,"6":0},"f":{"0":0,"1":0,"2":0},"b":{}}
,"/Users/egutierrez/Documents/Repos/Instagram/amplify/backend/function/NotificationTrigger/src/index.js": {"path":"/Users/egutierrez/Documents/Repos/Instagram/amplify/backend/function/NotificationTrigger/src/index.js","statementMap":{"0":{"start":{"line":11,"column":12},"end":{"line":11,"column":30}},"1":{"start":{"line":12,"column":27},"end":{"line":12,"column":48}},"2":{"start":{"line":13,"column":18},"end":{"line":13,"column":51}},"3":{"start":{"line":15,"column":12},"end":{"line":15,"column":27}},"4":{"start":{"line":16,"column":18},"end":{"line":16,"column":62}},"5":{"start":{"line":17,"column":18},"end":{"line":17,"column":44}},"6":{"start":{"line":19,"column":26},"end":{"line":23,"column":1}},"7":{"start":{"line":25,"column":27},"end":{"line":29,"column":1}},"8":{"start":{"line":31,"column":0},"end":{"line":35,"column":2}},"9":{"start":{"line":32,"column":2},"end":{"line":32,"column":49}},"10":{"start":{"line":33,"column":2},"end":{"line":33,"column":53}},"11":{"start":{"line":34,"column":2},"end":{"line":34,"column":67}},"12":{"start":{"line":37,"column":21},"end":{"line":64,"column":1}},"13":{"start":{"line":38,"column":2},"end":{"line":38,"column":25}},"14":{"start":{"line":39,"column":2},"end":{"line":39,"column":47}},"15":{"start":{"line":41,"column":2},"end":{"line":43,"column":3}},"16":{"start":{"line":42,"column":4},"end":{"line":42,"column":11}},"17":{"start":{"line":46,"column":17},"end":{"line":46,"column":43}},"18":{"start":{"line":47,"column":15},"end":{"line":47,"column":39}},"19":{"start":{"line":48,"column":18},"end":{"line":48,"column":45}},"20":{"start":{"line":50,"column":15},"end":{"line":50,"column":36}},"21":{"start":{"line":51,"column":2},"end":{"line":54,"column":3}},"22":{"start":{"line":52,"column":4},"end":{"line":52,"column":71}},"23":{"start":{"line":53,"column":4},"end":{"line":53,"column":11}},"24":{"start":{"line":57,"column":23},"end":{"line":57,"column":62}},"25":{"start":{"line":58,"column":15},"end":{"line":58,"column":17}},"26":{"start":{"line":60,"column":2},"end":{"line":62,"column":3}},"27":{"start":{"line":61,"column":4},"end":{"line":61,"column":57}},"28":{"start":{"line":63,"column":2},"end":{"line":63,"column":60}},"29":{"start":{"line":66,"column":16},"end":{"line":79,"column":1}},"30":{"start":{"line":67,"column":17},"end":{"line":70,"column":3}},"31":{"start":{"line":72,"column":2},"end":{"line":78,"column":3}},"32":{"start":{"line":73,"column":21},"end":{"line":73,"column":58}},"33":{"start":{"line":74,"column":4},"end":{"line":74,"column":25}},"34":{"start":{"line":76,"column":4},"end":{"line":76,"column":25}},"35":{"start":{"line":77,"column":4},"end":{"line":77,"column":16}},"36":{"start":{"line":81,"column":27},"end":{"line":88,"column":1}},"37":{"start":{"line":82,"column":16},"end":{"line":82,"column":38}},"38":{"start":{"line":84,"column":2},"end":{"line":87,"column":4}}},"fnMap":{"0":{"name":"(anonymous_0)","decl":{"start":{"line":31,"column":18},"end":{"line":31,"column":19}},"loc":{"start":{"line":31,"column":33},"end":{"line":35,"column":1}},"line":31},"1":{"name":"(anonymous_1)","decl":{"start":{"line":37,"column":21},"end":{"line":37,"column":22}},"loc":{"start":{"line":37,"column":54},"end":{"line":64,"column":1}},"line":37},"2":{"name":"(anonymous_2)","decl":{"start":{"line":66,"column":16},"end":{"line":66,"column":17}},"loc":{"start":{"line":66,"column":28},"end":{"line":79,"column":1}},"line":66},"3":{"name":"(anonymous_3)","decl":{"start":{"line":81,"column":27},"end":{"line":81,"column":28}},"loc":{"start":{"line":81,"column":52},"end":{"line":88,"column":1}},"line":81}},"branchMap":{"0":{"loc":{"start":{"line":41,"column":2},"end":{"line":43,"column":3}},"type":"if","locations":[{"start":{"line":41,"column":2},"end":{"line":43,"column":3}},{"start":{},"end":{}}],"line":41},"1":{"loc":{"start":{"line":51,"column":2},"end":{"line":54,"column":3}},"type":"if","locations":[{"start":{"line":51,"column":2},"end":{"line":54,"column":3}},{"start":{},"end":{}}],"line":51},"2":{"loc":{"start":{"line":60,"column":2},"end":{"line":62,"column":3}},"type":"if","locations":[{"start":{"line":60,"column":2},"end":{"line":62,"column":3}},{"start":{},"end":{}}],"line":60}},"s":{"0":0,"1":0,"2":0,"3":0,"4":0,"5":0,"6":0,"7":0,"8":0,"9":0,"10":0,"11":0,"12":0,"13":0,"14":0,"15":0,"16":0,"17":0,"18":0,"19":0,"20":0,"21":0,"22":0,"23":0,"24":0,"25":0,"26":0,"27":0,"28":0,"29":0,"30":0,"31":0,"32":0,"33":0,"34":0,"35":0,"36":0,"37":0,"38":0},"f":{"0":0,"1":0,"2":0,"3":0},"b":{"0":[0,0],"1":[0,0],"2":[0,0]}}
,"/Users/egutierrez/Documents/Repos/Instagram/amplify/backend/function/UserFollowTrigger/src/index.js": {"path":"/Users/egutierrez/Documents/Repos/Instagram/amplify/backend/function/UserFollowTrigger/src/index.js","statementMap":{"0":{"start":{"line":11,"column":21},"end":{"line":11,"column":36}},"1":{"start":{"line":12,"column":12},"end":{"line":12,"column":30}},"2":{"start":{"line":13,"column":18},"end":{"line":13,"column":51}},"3":{"start":{"line":15,"column":12},"end":{"line":15,"column":27}},"4":{"start":{"line":16,"column":18},"end":{"line":16,"column":62}},"5":{"start":{"line":17,"column":22},"end":{"line":17,"column":48}},"6":{"start":{"line":18,"column":30},"end":{"line":18,"column":64}},"7":{"start":{"line":20,"column":0},"end":{"line":28,"column":2}},"8":{"start":{"line":21,"column":2},"end":{"line":21,"column":49}},"9":{"start":{"line":23,"column":2},"end":{"line":25,"column":3}},"10":{"start":{"line":24,"column":4},"end":{"line":24,"column":31}},"11":{"start":{"line":27,"column":2},"end":{"line":27,"column":67}},"12":{"start":{"line":30,"column":20},"end":{"line":50,"column":1}},"13":{"start":{"line":31,"column":2},"end":{"line":31,"column":23}},"14":{"start":{"line":32,"column":2},"end":{"line":32,"column":25}},"15":{"start":{"line":33,"column":2},"end":{"line":33,"column":47}},"16":{"start":{"line":35,"column":21},"end":{"line":35,"column":51}},"17":{"start":{"line":36,"column":21},"end":{"line":36,"column":51}},"18":{"start":{"line":38,"column":2},"end":{"line":49,"column":3}},"19":{"start":{"line":39,"column":4},"end":{"line":39,"column":59}},"20":{"start":{"line":40,"column":4},"end":{"line":40,"column":60}},"21":{"start":{"line":41,"column":4},"end":{"line":41,"column":59}},"22":{"start":{"line":42,"column":9},"end":{"line":49,"column":3}},"23":{"start":{"line":47,"column":4},"end":{"line":47,"column":60}},"24":{"start":{"line":48,"column":4},"end":{"line":48,"column":61}},"25":{"start":{"line":52,"column":26},"end":{"line":66,"column":1}},"26":{"start":{"line":53,"column":17},"end":{"line":59,"column":3}},"27":{"start":{"line":61,"column":2},"end":{"line":65,"column":3}},"28":{"start":{"line":62,"column":4},"end":{"line":62,"column":45}},"29":{"start":{"line":64,"column":4},"end":{"line":64,"column":19}},"30":{"start":{"line":68,"column":33},"end":{"line":100,"column":1}},"31":{"start":{"line":69,"column":15},"end":{"line":69,"column":25}},"32":{"start":{"line":70,"column":18},"end":{"line":70,"column":36}},"33":{"start":{"line":71,"column":20},"end":{"line":71,"column":34}},"34":{"start":{"line":73,"column":15},"end":{"line":86,"column":3}},"35":{"start":{"line":88,"column":2},"end":{"line":88,"column":30}},"36":{"start":{"line":90,"column":17},"end":{"line":93,"column":3}},"37":{"start":{"line":95,"column":2},"end":{"line":99,"column":3}},"38":{"start":{"line":96,"column":4},"end":{"line":96,"column":42}},"39":{"start":{"line":98,"column":4},"end":{"line":98,"column":19}}},"fnMap":{"0":{"name":"(anonymous_0)","decl":{"start":{"line":20,"column":18},"end":{"line":20,"column":19}},"loc":{"start":{"line":20,"column":33},"end":{"line":28,"column":1}},"line":20},"1":{"name":"(anonymous_1)","decl":{"start":{"line":30,"column":20},"end":{"line":30,"column":21}},"loc":{"start":{"line":30,"column":62},"end":{"line":50,"column":1}},"line":30},"2":{"name":"(anonymous_2)","decl":{"start":{"line":52,"column":26},"end":{"line":52,"column":27}},"loc":{"start":{"line":52,"column":58},"end":{"line":66,"column":1}},"line":52},"3":{"name":"(anonymous_3)","decl":{"start":{"line":68,"column":33},"end":{"line":68,"column":34}},"loc":{"start":{"line":68,"column":60},"end":{"line":100,"column":1}},"line":68}},"branchMap":{"0":{"loc":{"start":{"line":38,"column":2},"end":{"line":49,"column":3}},"type":"if","locations":[{"start":{"line":38,"column":2},"end":{"line":49,"column":3}},{"start":{"line":42,"column":9},"end":{"line":49,"column":3}}],"line":38},"1":{"loc":{"start":{"line":42,"column":9},"end":{"line":49,"column":3}},"type":"if","locations":[{"start":{"line":42,"column":9},"end":{"line":49,"column":3}},{"start":{},"end":{}}],"line":42},"2":{"loc":{"start":{"line":43,"column":4},"end":{"line":45,"column":38}},"type":"binary-expr","locations":[{"start":{"line":43,"column":4},"end":{"line":43,"column":26}},{"start":{"line":44,"column":4},"end":{"line":44,"column":36}},{"start":{"line":45,"column":4},"end":{"line":45,"column":38}}],"line":43}},"s":{"0":0,"1":0,"2":0,"3":0,"4":0,"5":0,"6":0,"7":0,"8":0,"9":0,"10":0,"11":0,"12":0,"13":0,"14":0,"15":0,"16":0,"17":0,"18":0,"19":0,"20":0,"21":0,"22":0,"23":0,"24":0,"25":0,"26":0,"27":0,"28":0,"29":0,"30":0,"31":0,"32":0,"33":0,"34":0,"35":0,"36":0,"37":0,"38":0,"39":0},"f":{"0":0,"1":0,"2":0,"3":0},"b":{"0":[0,0],"1":[0,0],"2":[0,0,0]}}
,"/Users/egutierrez/Documents/Repos/Instagram/amplify/backend/types/amplify-dependent-resources-ref.d.ts": {"path":"/Users/egutierrez/Documents/Repos/Instagram/amplify/backend/types/amplify-dependent-resources-ref.d.ts","statementMap":{},"fnMap":{},"branchMap":{},"s":{},"f":{},"b":{}}
,"/Users/egutierrez/Documents/Repos/Instagram/src/API.ts": {"path":"/Users/egutierrez/Documents/Repos/Instagram/src/API.ts","statementMap":{},"fnMap":{},"branchMap":{},"s":{},"f":{},"b":{},"_coverageSchema":"1a1c01bbd47fc00a2c39e90264f33305004495a9","hash":"5231f8cde63907cb544ae6992ade5fedcf61e056"}
,"/Users/egutierrez/Documents/Repos/Instagram/src/aws-exports.js": {"path":"/Users/egutierrez/Documents/Repos/Instagram/src/aws-exports.js","statementMap":{"0":{"start":{"line":4,"column":18},"end":{"line":51,"column":1}}},"fnMap":{},"branchMap":{},"s":{"0":2},"f":{},"b":{},"_coverageSchema":"1a1c01bbd47fc00a2c39e90264f33305004495a9","hash":"eb55bdccab4e11c8bdcefc4308be38fb165e2b3f"}
,"/Users/egutierrez/Documents/Repos/Instagram/src/react-app-env.d.ts": {"path":"/Users/egutierrez/Documents/Repos/Instagram/src/react-app-env.d.ts","statementMap":{},"fnMap":{},"branchMap":{},"s":{},"f":{},"b":{}}
,"/Users/egutierrez/Documents/Repos/Instagram/src/apollo/Client.tsx": {"path":"/Users/egutierrez/Documents/Repos/Instagram/src/apollo/Client.tsx","statementMap":{"0":{"start":{"line":19,"column":12},"end":{"line":19,"column":46}},"1":{"start":{"line":20,"column":15},"end":{"line":20,"column":40}},"2":{"start":{"line":22,"column":17},"end":{"line":24,"column":2}},"3":{"start":{"line":26,"column":25},"end":{"line":32,"column":1}},"4":{"start":{"line":27,"column":2},"end":{"line":31,"column":4}},"5":{"start":{"line":34,"column":35},"end":{"line":47,"column":1}},"6":{"start":{"line":49,"column":15},"end":{"line":88,"column":1}},"7":{"start":{"line":50,"column":17},"end":{"line":50,"column":33}},"8":{"start":{"line":52,"column":17},"end":{"line":81,"column":12}},"9":{"start":{"line":54,"column":6},"end":{"line":54,"column":73}},"10":{"start":{"line":56,"column":30},"end":{"line":59,"column":5}},"11":{"start":{"line":61,"column":17},"end":{"line":75,"column":6}},"12":{"start":{"line":77,"column":4},"end":{"line":80,"column":7}},"13":{"start":{"line":83,"column":2},"end":{"line":87,"column":4}}},"fnMap":{"0":{"name":"(anonymous_0)","decl":{"start":{"line":26,"column":25},"end":{"line":26,"column":26}},"loc":{"start":{"line":26,"column":77},"end":{"line":32,"column":1}},"line":26},"1":{"name":"(anonymous_1)","decl":{"start":{"line":49,"column":15},"end":{"line":49,"column":16}},"loc":{"start":{"line":49,"column":40},"end":{"line":88,"column":1}},"line":49},"2":{"name":"(anonymous_2)","decl":{"start":{"line":52,"column":25},"end":{"line":52,"column":26}},"loc":{"start":{"line":52,"column":31},"end":{"line":81,"column":3}},"line":52}},"branchMap":{"0":{"loc":{"start":{"line":26,"column":26},"end":{"line":26,"column":48}},"type":"default-arg","locations":[{"start":{"line":26,"column":37},"end":{"line":26,"column":48}}],"line":26},"1":{"loc":{"start":{"line":26,"column":50},"end":{"line":26,"column":72}},"type":"default-arg","locations":[{"start":{"line":26,"column":61},"end":{"line":26,"column":72}}],"line":26},"2":{"loc":{"start":{"line":30,"column":16},"end":{"line":30,"column":36}},"type":"binary-expr","locations":[{"start":{"line":30,"column":16},"end":{"line":30,"column":30}},{"start":{"line":30,"column":34},"end":{"line":30,"column":36}}],"line":30},"3":{"loc":{"start":{"line":54,"column":6},"end":{"line":54,"column":73}},"type":"binary-expr","locations":[{"start":{"line":54,"column":6},"end":{"line":54,"column":67}},{"start":{"line":54,"column":71},"end":{"line":54,"column":73}}],"line":54}},"s":{"0":2,"1":2,"2":2,"3":2,"4":2,"5":2,"6":2,"7":0,"8":0,"9":0,"10":0,"11":0,"12":0,"13":0},"f":{"0":2,"1":0,"2":0},"b":{"0":[0],"1":[0],"2":[2,0],"3":[0,0]},"_coverageSchema":"1a1c01bbd47fc00a2c39e90264f33305004495a9","hash":"96256c204de42ea8c31031ff8108eb6bbab17cdb"}
,"/Users/egutierrez/Documents/Repos/Instagram/src/components/ApiErrorMessage/ApiErrorMessage.tsx": {"path":"/Users/egutierrez/Documents/Repos/Instagram/src/components/ApiErrorMessage/ApiErrorMessage.tsx","statementMap":{"0":{"start":{"line":13,"column":24},"end":{"line":26,"column":1}},"1":{"start":{"line":18,"column":2},"end":{"line":25,"column":4}},"2":{"start":{"line":28,"column":15},"end":{"line":47,"column":2}}},"fnMap":{"0":{"name":"(anonymous_0)","decl":{"start":{"line":13,"column":24},"end":{"line":13,"column":25}},"loc":{"start":{"line":17,"column":28},"end":{"line":26,"column":1}},"line":17},"1":{"name":"(anonymous_1)","decl":{"start":{"line":16,"column":12},"end":{"line":16,"column":13}},"loc":{"start":{"line":16,"column":18},"end":{"line":16,"column":20}},"line":16}},"branchMap":{"0":{"loc":{"start":{"line":14,"column":2},"end":{"line":14,"column":17}},"type":"default-arg","locations":[{"start":{"line":14,"column":10},"end":{"line":14,"column":17}}],"line":14},"1":{"loc":{"start":{"line":15,"column":2},"end":{"line":15,"column":27}},"type":"default-arg","locations":[{"start":{"line":15,"column":12},"end":{"line":15,"column":27}}],"line":15},"2":{"loc":{"start":{"line":16,"column":2},"end":{"line":16,"column":20}},"type":"default-arg","locations":[{"start":{"line":16,"column":12},"end":{"line":16,"column":20}}],"line":16}},"s":{"0":2,"1":3,"2":2},"f":{"0":3,"1":0},"b":{"0":[2],"1":[2],"2":[2]},"_coverageSchema":"1a1c01bbd47fc00a2c39e90264f33305004495a9","hash":"d0fe374647691634577ce86d48feba34d6987b65"}
,"/Users/egutierrez/Documents/Repos/Instagram/src/components/ApiErrorMessage/index.ts": {"path":"/Users/egutierrez/Documents/Repos/Instagram/src/components/ApiErrorMessage/index.ts","statementMap":{},"fnMap":{},"branchMap":{},"s":{},"f":{},"b":{},"_coverageSchema":"1a1c01bbd47fc00a2c39e90264f33305004495a9","hash":"ebce9a7a77c95711bb2f789e74d16aa5c5ba6f94"}
,"/Users/egutierrez/Documents/Repos/Instagram/src/components/Button/Button.tsx": {"path":"/Users/egutierrez/Documents/Repos/Instagram/src/components/Button/Button.tsx","statementMap":{"0":{"start":{"line":12,"column":15},"end":{"line":26,"column":1}},"1":{"start":{"line":18,"column":2},"end":{"line":25,"column":4}},"2":{"start":{"line":28,"column":15},"end":{"line":41,"column":2}}},"fnMap":{"0":{"name":"(anonymous_0)","decl":{"start":{"line":12,"column":15},"end":{"line":12,"column":16}},"loc":{"start":{"line":17,"column":15},"end":{"line":26,"column":1}},"line":17},"1":{"name":"(anonymous_1)","decl":{"start":{"line":14,"column":12},"end":{"line":14,"column":13}},"loc":{"start":{"line":14,"column":18},"end":{"line":14,"column":20}},"line":14}},"branchMap":{"0":{"loc":{"start":{"line":13,"column":2},"end":{"line":13,"column":11}},"type":"default-arg","locations":[{"start":{"line":13,"column":9},"end":{"line":13,"column":11}}],"line":13},"1":{"loc":{"start":{"line":14,"column":2},"end":{"line":14,"column":20}},"type":"default-arg","locations":[{"start":{"line":14,"column":12},"end":{"line":14,"column":20}}],"line":14},"2":{"loc":{"start":{"line":15,"column":2},"end":{"line":15,"column":16}},"type":"default-arg","locations":[{"start":{"line":15,"column":11},"end":{"line":15,"column":16}}],"line":15},"3":{"loc":{"start":{"line":22,"column":32},"end":{"line":22,"column":55}},"type":"cond-expr","locations":[{"start":{"line":22,"column":41},"end":{"line":22,"column":50}},{"start":{"line":22,"column":53},"end":{"line":22,"column":55}}],"line":22}},"s":{"0":4,"1":13,"2":4},"f":{"0":13,"1":0},"b":{"0":[1],"1":[1],"2":[13],"3":[0,13]},"_coverageSchema":"1a1c01bbd47fc00a2c39e90264f33305004495a9","hash":"e83d89b7e3bd7202a2010b11e65cabe2b15c26f9"}
,"/Users/egutierrez/Documents/Repos/Instagram/src/components/Button/index.ts": {"path":"/Users/egutierrez/Documents/Repos/Instagram/src/components/Button/index.ts","statementMap":{},"fnMap":{},"branchMap":{},"s":{},"f":{},"b":{},"_coverageSchema":"1a1c01bbd47fc00a2c39e90264f33305004495a9","hash":"68a1d5efbf77bbf3759085db9a2883e576fdf5ea"}
,"/Users/egutierrez/Documents/Repos/Instagram/src/components/Carousel/Carousel.tsx": {"path":"/Users/egutierrez/Documents/Repos/Instagram/src/components/Carousel/Carousel.tsx","statementMap":{"0":{"start":{"line":16,"column":17},"end":{"line":61,"column":1}},"1":{"start":{"line":17,"column":18},"end":{"line":17,"column":39}},"2":{"start":{"line":18,"column":50},"end":{"line":18,"column":61}},"3":{"start":{"line":20,"column":28},"end":{"line":22,"column":3}},"4":{"start":{"line":24,"column":33},"end":{"line":30,"column":3}},"5":{"start":{"line":26,"column":6},"end":{"line":28,"column":7}},"6":{"start":{"line":27,"column":8},"end":{"line":27,"column":57}},"7":{"start":{"line":32,"column":2},"end":{"line":60,"column":4}},"8":{"start":{"line":37,"column":10},"end":{"line":37,"column":80}},"9":{"start":{"line":47,"column":10},"end":{"line":56,"column":12}},"10":{"start":{"line":63,"column":15},"end":{"line":78,"column":2}}},"fnMap":{"0":{"name":"(anonymous_0)","decl":{"start":{"line":16,"column":17},"end":{"line":16,"column":18}},"loc":{"start":{"line":16,"column":42},"end":{"line":61,"column":1}},"line":16},"1":{"name":"(anonymous_1)","decl":{"start":{"line":25,"column":4},"end":{"line":25,"column":5}},"loc":{"start":{"line":25,"column":60},"end":{"line":29,"column":5}},"line":25},"2":{"name":"(anonymous_2)","decl":{"start":{"line":36,"column":20},"end":{"line":36,"column":21}},"loc":{"start":{"line":36,"column":32},"end":{"line":38,"column":9}},"line":36},"3":{"name":"(anonymous_3)","decl":{"start":{"line":46,"column":20},"end":{"line":46,"column":21}},"loc":{"start":{"line":47,"column":10},"end":{"line":56,"column":12}},"line":47}},"branchMap":{"0":{"loc":{"start":{"line":26,"column":6},"end":{"line":28,"column":7}},"type":"if","locations":[{"start":{"line":26,"column":6},"end":{"line":28,"column":7}},{"start":{},"end":{}}],"line":26},"1":{"loc":{"start":{"line":27,"column":28},"end":{"line":27,"column":55}},"type":"binary-expr","locations":[{"start":{"line":27,"column":28},"end":{"line":27,"column":50}},{"start":{"line":27,"column":54},"end":{"line":27,"column":55}}],"line":27},"2":{"loc":{"start":{"line":53,"column":18},"end":{"line":53,"column":76}},"type":"cond-expr","locations":[{"start":{"line":53,"column":47},"end":{"line":53,"column":61}},{"start":{"line":53,"column":64},"end":{"line":53,"column":76}}],"line":53}},"s":{"0":2,"1":0,"2":0,"3":0,"4":0,"5":0,"6":0,"7":0,"8":0,"9":0,"10":2},"f":{"0":0,"1":0,"2":0,"3":0},"b":{"0":[0,0],"1":[0,0],"2":[0,0]},"_coverageSchema":"1a1c01bbd47fc00a2c39e90264f33305004495a9","hash":"a888b6a308d861082893aa9b7f52f2bd2f6bc551"}
,"/Users/egutierrez/Documents/Repos/Instagram/src/components/Carousel/index.tsx": {"path":"/Users/egutierrez/Documents/Repos/Instagram/src/components/Carousel/index.tsx","statementMap":{},"fnMap":{},"branchMap":{},"s":{},"f":{},"b":{}}
,"/Users/egutierrez/Documents/Repos/Instagram/src/components/Comment/Comment.tsx": {"path":"/Users/egutierrez/Documents/Repos/Instagram/src/components/Comment/Comment.tsx","statementMap":{"0":{"start":{"line":11,"column":0},"end":{"line":11,"column":27}},"1":{"start":{"line":19,"column":16},"end":{"line":59,"column":1}},"2":{"start":{"line":24,"column":35},"end":{"line":24,"column":65}},"3":{"start":{"line":26,"column":2},"end":{"line":58,"column":4}},"4":{"start":{"line":61,"column":15},"end":{"line":81,"column":2}}},"fnMap":{"0":{"name":"(anonymous_0)","decl":{"start":{"line":19,"column":16},"end":{"line":19,"column":17}},"loc":{"start":{"line":23,"column":21},"end":{"line":59,"column":1}},"line":23}},"branchMap":{"0":{"loc":{"start":{"line":21,"column":2},"end":{"line":21,"column":24}},"type":"default-arg","locations":[{"start":{"line":21,"column":19},"end":{"line":21,"column":24}}],"line":21},"1":{"loc":{"start":{"line":28,"column":7},"end":{"line":33,"column":7}},"type":"binary-expr","locations":[{"start":{"line":28,"column":7},"end":{"line":28,"column":21}},{"start":{"line":29,"column":8},"end":{"line":32,"column":10}}],"line":28},"2":{"loc":{"start":{"line":30,"column":20},"end":{"line":30,"column":52}},"type":"binary-expr","locations":[{"start":{"line":30,"column":20},"end":{"line":30,"column":39}},{"start":{"line":30,"column":43},"end":{"line":30,"column":52}}],"line":30},"3":{"loc":{"start":{"line":39,"column":9},"end":{"line":48,"column":9}},"type":"binary-expr","locations":[{"start":{"line":39,"column":9},"end":{"line":39,"column":23}},{"start":{"line":40,"column":10},"end":{"line":47,"column":17}}],"line":39},"4":{"loc":{"start":{"line":41,"column":13},"end":{"line":41,"column":64}},"type":"binary-expr","locations":[{"start":{"line":41,"column":13},"end":{"line":41,"column":25}},{"start":{"line":41,"column":29},"end":{"line":41,"column":64}}],"line":41},"5":{"loc":{"start":{"line":52,"column":16},"end":{"line":52,"column":44}},"type":"cond-expr","locations":[{"start":{"line":52,"column":26},"end":{"line":52,"column":33}},{"start":{"line":52,"column":36},"end":{"line":52,"column":44}}],"line":52},"6":{"loc":{"start":{"line":54,"column":17},"end":{"line":54,"column":55}},"type":"cond-expr","locations":[{"start":{"line":54,"column":27},"end":{"line":54,"column":40}},{"start":{"line":54,"column":43},"end":{"line":54,"column":55}}],"line":54}},"s":{"0":1,"1":1,"2":0,"3":0,"4":1},"f":{"0":0},"b":{"0":[0],"1":[0,0],"2":[0,0],"3":[0,0],"4":[0,0],"5":[0,0],"6":[0,0]},"_coverageSchema":"1a1c01bbd47fc00a2c39e90264f33305004495a9","hash":"4711d8685e74018a7c2101e86e86ff55060ca589"}
,"/Users/egutierrez/Documents/Repos/Instagram/src/components/Comment/CommentMenu.tsx": {"path":"/Users/egutierrez/Documents/Repos/Instagram/src/components/Comment/CommentMenu.tsx","statementMap":{"0":{"start":{"line":29,"column":20},"end":{"line":90,"column":1}},"1":{"start":{"line":30,"column":19},"end":{"line":30,"column":35}},"2":{"start":{"line":31,"column":22},"end":{"line":31,"column":49}},"3":{"start":{"line":33,"column":28},"end":{"line":38,"column":4}},"4":{"start":{"line":39,"column":33},"end":{"line":39,"column":66}},"5":{"start":{"line":41,"column":17},"end":{"line":41,"column":36}},"6":{"start":{"line":43,"column":32},"end":{"line":52,"column":3}},"7":{"start":{"line":44,"column":4},"end":{"line":51,"column":7}},"8":{"start":{"line":54,"column":31},"end":{"line":57,"column":3}},"9":{"start":{"line":55,"column":4},"end":{"line":55,"column":29}},"10":{"start":{"line":56,"column":4},"end":{"line":56,"column":28}},"11":{"start":{"line":59,"column":2},"end":{"line":89,"column":4}},"12":{"start":{"line":82,"column":40},"end":{"line":82,"column":67}},"13":{"start":{"line":92,"column":15},"end":{"line":99,"column":2}}},"fnMap":{"0":{"name":"(anonymous_0)","decl":{"start":{"line":29,"column":20},"end":{"line":29,"column":21}},"loc":{"start":{"line":29,"column":79},"end":{"line":90,"column":1}},"line":29},"1":{"name":"(anonymous_1)","decl":{"start":{"line":43,"column":32},"end":{"line":43,"column":33}},"loc":{"start":{"line":43,"column":38},"end":{"line":52,"column":3}},"line":43},"2":{"name":"(anonymous_2)","decl":{"start":{"line":54,"column":31},"end":{"line":54,"column":32}},"loc":{"start":{"line":54,"column":43},"end":{"line":57,"column":3}},"line":54},"3":{"name":"(anonymous_3)","decl":{"start":{"line":82,"column":34},"end":{"line":82,"column":35}},"loc":{"start":{"line":82,"column":40},"end":{"line":82,"column":67}},"line":82}},"branchMap":{"0":{"loc":{"start":{"line":75,"column":11},"end":{"line":85,"column":11}},"type":"cond-expr","locations":[{"start":{"line":76,"column":12},"end":{"line":80,"column":25}},{"start":{"line":82,"column":12},"end":{"line":84,"column":25}}],"line":75}},"s":{"0":0,"1":0,"2":0,"3":0,"4":0,"5":0,"6":0,"7":0,"8":0,"9":0,"10":0,"11":0,"12":0,"13":0},"f":{"0":0,"1":0,"2":0,"3":0},"b":{"0":[0,0]}}
,"/Users/egutierrez/Documents/Repos/Instagram/src/components/Comment/index.ts": {"path":"/Users/egutierrez/Documents/Repos/Instagram/src/components/Comment/index.ts","statementMap":{},"fnMap":{},"branchMap":{},"s":{},"f":{},"b":{},"_coverageSchema":"1a1c01bbd47fc00a2c39e90264f33305004495a9","hash":"0537cce21b19c5246d589779d01e35533fad21f0"}
,"/Users/egutierrez/Documents/Repos/Instagram/src/components/Comment/queries.ts": {"path":"/Users/egutierrez/Documents/Repos/Instagram/src/components/Comment/queries.ts","statementMap":{"0":{"start":{"line":3,"column":29},"end":{"line":31,"column":1}},"1":{"start":{"line":33,"column":33},"end":{"line":48,"column":1}}},"fnMap":{},"branchMap":{},"s":{"0":0,"1":0},"f":{},"b":{}}
,"/Users/egutierrez/Documents/Repos/Instagram/src/components/DoublePressable/index.tsx": {"path":"/Users/egutierrez/Documents/Repos/Instagram/src/components/DoublePressable/index.tsx","statementMap":{"0":{"start":{"line":9,"column":24},"end":{"line":24,"column":1}},"1":{"start":{"line":13,"column":16},"end":{"line":13,"column":17}},"2":{"start":{"line":14,"column":28},"end":{"line":21,"column":3}},"3":{"start":{"line":15,"column":16},"end":{"line":15,"column":26}},"4":{"start":{"line":16,"column":4},"end":{"line":18,"column":5}},"5":{"start":{"line":17,"column":6},"end":{"line":17,"column":22}},"6":{"start":{"line":20,"column":4},"end":{"line":20,"column":18}},"7":{"start":{"line":23,"column":2},"end":{"line":23,"column":71}}},"fnMap":{"0":{"name":"(anonymous_0)","decl":{"start":{"line":9,"column":24},"end":{"line":9,"column":25}},"loc":{"start":{"line":12,"column":24},"end":{"line":24,"column":1}},"line":12},"1":{"name":"(anonymous_1)","decl":{"start":{"line":10,"column":18},"end":{"line":10,"column":19}},"loc":{"start":{"line":10,"column":24},"end":{"line":10,"column":26}},"line":10},"2":{"name":"(anonymous_2)","decl":{"start":{"line":14,"column":28},"end":{"line":14,"column":29}},"loc":{"start":{"line":14,"column":34},"end":{"line":21,"column":3}},"line":14}},"branchMap":{"0":{"loc":{"start":{"line":10,"column":2},"end":{"line":10,"column":26}},"type":"default-arg","locations":[{"start":{"line":10,"column":18},"end":{"line":10,"column":26}}],"line":10},"1":{"loc":{"start":{"line":16,"column":4},"end":{"line":18,"column":5}},"type":"if","locations":[{"start":{"line":16,"column":4},"end":{"line":18,"column":5}},{"start":{},"end":{}}],"line":16}},"s":{"0":1,"1":0,"2":0,"3":0,"4":0,"5":0,"6":0,"7":0},"f":{"0":0,"1":0,"2":0},"b":{"0":[0],"1":[0,0]},"_coverageSchema":"1a1c01bbd47fc00a2c39e90264f33305004495a9","hash":"32ddd3100c1af97226e56a53fb4e16ec82ae7f33"}
,"/Users/egutierrez/Documents/Repos/Instagram/src/components/FeedGridView/FeedGridItem.tsx": {"path":"/Users/egutierrez/Documents/Repos/Instagram/src/components/FeedGridView/FeedGridItem.tsx","statementMap":{"0":{"start":{"line":8,"column":21},"end":{"line":22,"column":1}},"1":{"start":{"line":9,"column":2},"end":{"line":21,"column":4}}},"fnMap":{"0":{"name":"(anonymous_0)","decl":{"start":{"line":8,"column":21},"end":{"line":8,"column":22}},"loc":{"start":{"line":8,"column":47},"end":{"line":22,"column":1}},"line":8}},"branchMap":{"0":{"loc":{"start":{"line":11,"column":23},"end":{"line":11,"column":53}},"type":"binary-expr","locations":[{"start":{"line":11,"column":23},"end":{"line":11,"column":33}},{"start":{"line":11,"column":37},"end":{"line":11,"column":53}}],"line":11},"1":{"loc":{"start":{"line":12,"column":7},"end":{"line":19,"column":7}},"type":"binary-expr","locations":[{"start":{"line":12,"column":7},"end":{"line":12,"column":18}},{"start":{"line":13,"column":8},"end":{"line":18,"column":10}}],"line":12}},"s":{"0":1,"1":0},"f":{"0":0},"b":{"0":[0,0],"1":[0,0]},"_coverageSchema":"1a1c01bbd47fc00a2c39e90264f33305004495a9","hash":"c6cb92dfae81b2c11d3ac86320d7c5b67f956148"}
,"/Users/egutierrez/Documents/Repos/Instagram/src/components/FeedGridView/FeedGridView.tsx": {"path":"/Users/egutierrez/Documents/Repos/Instagram/src/components/FeedGridView/FeedGridView.tsx","statementMap":{"0":{"start":{"line":18,"column":21},"end":{"line":36,"column":1}},"1":{"start":{"line":24,"column":2},"end":{"line":35,"column":4}},"2":{"start":{"line":27,"column":30},"end":{"line":27,"column":66}}},"fnMap":{"0":{"name":"(anonymous_0)","decl":{"start":{"line":18,"column":21},"end":{"line":18,"column":22}},"loc":{"start":{"line":23,"column":21},"end":{"line":36,"column":1}},"line":23},"1":{"name":"(anonymous_1)","decl":{"start":{"line":27,"column":18},"end":{"line":27,"column":19}},"loc":{"start":{"line":27,"column":30},"end":{"line":27,"column":66}},"line":27}},"branchMap":{"0":{"loc":{"start":{"line":27,"column":30},"end":{"line":27,"column":66}},"type":"binary-expr","locations":[{"start":{"line":27,"column":30},"end":{"line":27,"column":34}},{"start":{"line":27,"column":38},"end":{"line":27,"column":66}}],"line":27}},"s":{"0":1,"1":0,"2":0},"f":{"0":0,"1":0},"b":{"0":[0,0]},"_coverageSchema":"1a1c01bbd47fc00a2c39e90264f33305004495a9","hash":"8820376c39ca324f1d182f574ebe018af3df8521"}
,"/Users/egutierrez/Documents/Repos/Instagram/src/components/FeedPost/Content.tsx": {"path":"/Users/egutierrez/Documents/Repos/Instagram/src/components/FeedPost/Content.tsx","statementMap":{"0":{"start":{"line":14,"column":16},"end":{"line":58,"column":1}},"1":{"start":{"line":15,"column":34},"end":{"line":15,"column":69}},"2":{"start":{"line":16,"column":36},"end":{"line":16,"column":73}},"3":{"start":{"line":17,"column":34},"end":{"line":17,"column":69}},"4":{"start":{"line":19,"column":2},"end":{"line":21,"column":9}},"5":{"start":{"line":20,"column":4},"end":{"line":20,"column":20}},"6":{"start":{"line":23,"column":24},"end":{"line":36,"column":3}},"7":{"start":{"line":24,"column":4},"end":{"line":35,"column":5}},"8":{"start":{"line":25,"column":18},"end":{"line":25,"column":47}},"9":{"start":{"line":26,"column":6},"end":{"line":26,"column":23}},"10":{"start":{"line":27,"column":11},"end":{"line":35,"column":5}},"11":{"start":{"line":28,"column":19},"end":{"line":30,"column":7}},"12":{"start":{"line":29,"column":33},"end":{"line":29,"column":51}},"13":{"start":{"line":31,"column":6},"end":{"line":31,"column":25}},"14":{"start":{"line":32,"column":11},"end":{"line":35,"column":5}},"15":{"start":{"line":33,"column":18},"end":{"line":33,"column":47}},"16":{"start":{"line":34,"column":6},"end":{"line":34,"column":23}},"17":{"start":{"line":38,"column":2},"end":{"line":51,"column":3}},"18":{"start":{"line":39,"column":4},"end":{"line":46,"column":6}},"19":{"start":{"line":47,"column":9},"end":{"line":51,"column":3}},"20":{"start":{"line":48,"column":4},"end":{"line":48,"column":43}},"21":{"start":{"line":49,"column":9},"end":{"line":51,"column":3}},"22":{"start":{"line":50,"column":4},"end":{"line":50,"column":62}},"23":{"start":{"line":53,"column":2},"end":{"line":57,"column":4}}},"fnMap":{"0":{"name":"(anonymous_0)","decl":{"start":{"line":14,"column":16},"end":{"line":14,"column":17}},"loc":{"start":{"line":14,"column":49},"end":{"line":58,"column":1}},"line":14},"1":{"name":"(anonymous_1)","decl":{"start":{"line":19,"column":12},"end":{"line":19,"column":13}},"loc":{"start":{"line":19,"column":18},"end":{"line":21,"column":3}},"line":19},"2":{"name":"(anonymous_2)","decl":{"start":{"line":23,"column":24},"end":{"line":23,"column":25}},"loc":{"start":{"line":23,"column":36},"end":{"line":36,"column":3}},"line":23},"3":{"name":"(anonymous_3)","decl":{"start":{"line":29,"column":24},"end":{"line":29,"column":25}},"loc":{"start":{"line":29,"column":33},"end":{"line":29,"column":51}},"line":29}},"branchMap":{"0":{"loc":{"start":{"line":24,"column":4},"end":{"line":35,"column":5}},"type":"if","locations":[{"start":{"line":24,"column":4},"end":{"line":35,"column":5}},{"start":{"line":27,"column":11},"end":{"line":35,"column":5}}],"line":24},"1":{"loc":{"start":{"line":27,"column":11},"end":{"line":35,"column":5}},"type":"if","locations":[{"start":{"line":27,"column":11},"end":{"line":35,"column":5}},{"start":{"line":32,"column":11},"end":{"line":35,"column":5}}],"line":27},"2":{"loc":{"start":{"line":32,"column":11},"end":{"line":35,"column":5}},"type":"if","locations":[{"start":{"line":32,"column":11},"end":{"line":35,"column":5}},{"start":{},"end":{}}],"line":32},"3":{"loc":{"start":{"line":38,"column":2},"end":{"line":51,"column":3}},"type":"if","locations":[{"start":{"line":38,"column":2},"end":{"line":51,"column":3}},{"start":{"line":47,"column":9},"end":{"line":51,"column":3}}],"line":38},"4":{"loc":{"start":{"line":47,"column":9},"end":{"line":51,"column":3}},"type":"if","locations":[{"start":{"line":47,"column":9},"end":{"line":51,"column":3}},{"start":{"line":49,"column":9},"end":{"line":51,"column":3}}],"line":47},"5":{"loc":{"start":{"line":49,"column":9},"end":{"line":51,"column":3}},"type":"if","locations":[{"start":{"line":49,"column":9},"end":{"line":51,"column":3}},{"start":{},"end":{}}],"line":49}},"s":{"0":1,"1":0,"2":0,"3":0,"4":0,"5":0,"6":0,"7":0,"8":0,"9":0,"10":0,"11":0,"12":0,"13":0,"14":0,"15":0,"16":0,"17":0,"18":0,"19":0,"20":0,"21":0,"22":0,"23":0},"f":{"0":0,"1":0,"2":0,"3":0},"b":{"0":[0,0],"1":[0,0],"2":[0,0],"3":[0,0],"4":[0,0],"5":[0,0]},"_coverageSchema":"1a1c01bbd47fc00a2c39e90264f33305004495a9","hash":"86dadd1774bd49e3c056a8bc69cfc2ea8106d76e"}
,"/Users/egutierrez/Documents/Repos/Instagram/src/components/FeedPost/FeedPost.tsx": {"path":"/Users/egutierrez/Documents/Repos/Instagram/src/components/FeedPost/FeedPost.tsx","statementMap":{"0":{"start":{"line":20,"column":0},"end":{"line":20,"column":27}},"1":{"start":{"line":27,"column":17},"end":{"line":165,"column":1}},"2":{"start":{"line":28,"column":60},"end":{"line":28,"column":75}},"3":{"start":{"line":30,"column":35},"end":{"line":30,"column":55}},"4":{"start":{"line":32,"column":20},"end":{"line":32,"column":76}},"5":{"start":{"line":32,"column":54},"end":{"line":32,"column":69}},"6":{"start":{"line":35,"column":4},"end":{"line":35,"column":63}},"7":{"start":{"line":35,"column":41},"end":{"line":35,"column":56}},"8":{"start":{"line":37,"column":21},"end":{"line":37,"column":56}},"9":{"start":{"line":39,"column":36},"end":{"line":41,"column":3}},"10":{"start":{"line":40,"column":4},"end":{"line":40,"column":53}},"11":{"start":{"line":43,"column":29},"end":{"line":45,"column":3}},"12":{"start":{"line":44,"column":4},"end":{"line":44,"column":55}},"13":{"start":{"line":47,"column":26},"end":{"line":49,"column":3}},"14":{"start":{"line":48,"column":4},"end":{"line":48,"column":56}},"15":{"start":{"line":51,"column":25},"end":{"line":58,"column":3}},"16":{"start":{"line":52,"column":4},"end":{"line":57,"column":5}},"17":{"start":{"line":53,"column":6},"end":{"line":56,"column":9}},"18":{"start":{"line":60,"column":2},"end":{"line":164,"column":4}},"19":{"start":{"line":149,"column":12},"end":{"line":155,"column":13}}},"fnMap":{"0":{"name":"(anonymous_0)","decl":{"start":{"line":27,"column":17},"end":{"line":27,"column":18}},"loc":{"start":{"line":27,"column":51},"end":{"line":165,"column":1}},"line":27},"1":{"name":"(anonymous_1)","decl":{"start":{"line":32,"column":46},"end":{"line":32,"column":47}},"loc":{"start":{"line":32,"column":54},"end":{"line":32,"column":69}},"line":32},"2":{"name":"(anonymous_2)","decl":{"start":{"line":35,"column":33},"end":{"line":35,"column":34}},"loc":{"start":{"line":35,"column":41},"end":{"line":35,"column":56}},"line":35},"3":{"name":"(anonymous_3)","decl":{"start":{"line":39,"column":36},"end":{"line":39,"column":37}},"loc":{"start":{"line":39,"column":42},"end":{"line":41,"column":3}},"line":39},"4":{"name":"(anonymous_4)","decl":{"start":{"line":43,"column":29},"end":{"line":43,"column":30}},"loc":{"start":{"line":43,"column":35},"end":{"line":45,"column":3}},"line":43},"5":{"name":"(anonymous_5)","decl":{"start":{"line":47,"column":26},"end":{"line":47,"column":27}},"loc":{"start":{"line":47,"column":32},"end":{"line":49,"column":3}},"line":47},"6":{"name":"(anonymous_6)","decl":{"start":{"line":51,"column":25},"end":{"line":51,"column":26}},"loc":{"start":{"line":51,"column":31},"end":{"line":58,"column":3}},"line":51},"7":{"name":"(anonymous_7)","decl":{"start":{"line":148,"column":10},"end":{"line":148,"column":11}},"loc":{"start":{"line":149,"column":12},"end":{"line":155,"column":13}},"line":149}},"branchMap":{"0":{"loc":{"start":{"line":32,"column":20},"end":{"line":32,"column":76}},"type":"binary-expr","locations":[{"start":{"line":32,"column":20},"end":{"line":32,"column":70}},{"start":{"line":32,"column":74},"end":{"line":32,"column":76}}],"line":32},"1":{"loc":{"start":{"line":35,"column":4},"end":{"line":35,"column":63}},"type":"binary-expr","locations":[{"start":{"line":35,"column":4},"end":{"line":35,"column":57}},{"start":{"line":35,"column":61},"end":{"line":35,"column":63}}],"line":35},"2":{"loc":{"start":{"line":52,"column":4},"end":{"line":57,"column":5}},"type":"if","locations":[{"start":{"line":52,"column":4},"end":{"line":57,"column":5}},{"start":{},"end":{}}],"line":52},"3":{"loc":{"start":{"line":64,"column":29},"end":{"line":64,"column":58}},"type":"binary-expr","locations":[{"start":{"line":64,"column":29},"end":{"line":64,"column":45}},{"start":{"line":64,"column":49},"end":{"line":64,"column":58}}],"line":64},"4":{"loc":{"start":{"line":69,"column":11},"end":{"line":71,"column":11}},"type":"binary-expr","locations":[{"start":{"line":69,"column":11},"end":{"line":69,"column":24}},{"start":{"line":70,"column":12},"end":{"line":70,"column":68}}],"line":69},"5":{"loc":{"start":{"line":86,"column":20},"end":{"line":86,"column":48}},"type":"cond-expr","locations":[{"start":{"line":86,"column":30},"end":{"line":86,"column":37}},{"start":{"line":86,"column":40},"end":{"line":86,"column":48}}],"line":86},"6":{"loc":{"start":{"line":89,"column":21},"end":{"line":89,"column":59}},"type":"cond-expr","locations":[{"start":{"line":89,"column":31},"end":{"line":89,"column":44}},{"start":{"line":89,"column":47},"end":{"line":89,"column":59}}],"line":89},"7":{"loc":{"start":{"line":114,"column":9},"end":{"line":128,"column":9}},"type":"cond-expr","locations":[{"start":{"line":115,"column":10},"end":{"line":115,"column":72}},{"start":{"line":117,"column":10},"end":{"line":127,"column":17}}],"line":114},"8":{"loc":{"start":{"line":120,"column":13},"end":{"line":126,"column":13}},"type":"binary-expr","locations":[{"start":{"line":120,"column":13},"end":{"line":120,"column":33}},{"start":{"line":121,"column":14},"end":{"line":125,"column":17}}],"line":120},"9":{"loc":{"start":{"line":131,"column":49},"end":{"line":131,"column":78}},"type":"cond-expr","locations":[{"start":{"line":131,"column":73},"end":{"line":131,"column":74}},{"start":{"line":131,"column":77},"end":{"line":131,"column":78}}],"line":131},"10":{"loc":{"start":{"line":137,"column":11},"end":{"line":137,"column":50}},"type":"cond-expr","locations":[{"start":{"line":137,"column":35},"end":{"line":137,"column":41}},{"start":{"line":137,"column":44},"end":{"line":137,"column":50}}],"line":137},"11":{"loc":{"start":{"line":141,"column":9},"end":{"line":145,"column":9}},"type":"binary-expr","locations":[{"start":{"line":141,"column":9},"end":{"line":141,"column":33}},{"start":{"line":142,"column":10},"end":{"line":144,"column":17}}],"line":141},"12":{"loc":{"start":{"line":147,"column":10},"end":{"line":147,"column":36}},"type":"binary-expr","locations":[{"start":{"line":147,"column":10},"end":{"line":147,"column":30}},{"start":{"line":147,"column":34},"end":{"line":147,"column":36}}],"line":147},"13":{"loc":{"start":{"line":149,"column":12},"end":{"line":155,"column":13}},"type":"binary-expr","locations":[{"start":{"line":149,"column":12},"end":{"line":149,"column":19}},{"start":{"line":150,"column":14},"end":{"line":154,"column":16}}],"line":149}},"s":{"0":1,"1":1,"2":0,"3":0,"4":0,"5":0,"6":0,"7":0,"8":0,"9":0,"10":0,"11":0,"12":0,"13":0,"14":0,"15":0,"16":0,"17":0,"18":0,"19":0},"f":{"0":0,"1":0,"2":0,"3":0,"4":0,"5":0,"6":0,"7":0},"b":{"0":[0,0],"1":[0,0],"2":[0,0],"3":[0,0],"4":[0,0],"5":[0,0],"6":[0,0],"7":[0,0],"8":[0,0],"9":[0,0],"10":[0,0],"11":[0,0],"12":[0,0],"13":[0,0]},"_coverageSchema":"1a1c01bbd47fc00a2c39e90264f33305004495a9","hash":"bab2d25dc08faa130ae0c8c02c50d17610f2c71f"}
,"/Users/egutierrez/Documents/Repos/Instagram/src/components/FeedPost/PostMenu.tsx": {"path":"/Users/egutierrez/Documents/Repos/Instagram/src/components/FeedPost/PostMenu.tsx","statementMap":{"0":{"start":{"line":25,"column":17},"end":{"line":100,"column":1}},"1":{"start":{"line":26,"column":19},"end":{"line":26,"column":35}},"2":{"start":{"line":27,"column":19},"end":{"line":27,"column":42}},"3":{"start":{"line":28,"column":25},"end":{"line":31,"column":77}},"4":{"start":{"line":33,"column":21},"end":{"line":33,"column":56}},"5":{"start":{"line":35,"column":17},"end":{"line":35,"column":36}},"6":{"start":{"line":37,"column":32},"end":{"line":42,"column":3}},"7":{"start":{"line":38,"column":4},"end":{"line":41,"column":7}},"8":{"start":{"line":44,"column":30},"end":{"line":46,"column":3}},"9":{"start":{"line":45,"column":4},"end":{"line":45,"column":57}},"10":{"start":{"line":48,"column":28},"end":{"line":64,"column":3}},"11":{"start":{"line":49,"column":4},"end":{"line":51,"column":5}},"12":{"start":{"line":50,"column":6},"end":{"line":50,"column":39}},"13":{"start":{"line":52,"column":4},"end":{"line":54,"column":5}},"14":{"start":{"line":53,"column":6},"end":{"line":53,"column":39}},"15":{"start":{"line":55,"column":4},"end":{"line":57,"column":5}},"16":{"start":{"line":56,"column":6},"end":{"line":56,"column":73}},"17":{"start":{"line":56,"column":49},"end":{"line":56,"column":70}},"18":{"start":{"line":59,"column":4},"end":{"line":63,"column":5}},"19":{"start":{"line":60,"column":6},"end":{"line":60,"column":27}},"20":{"start":{"line":62,"column":6},"end":{"line":62,"column":69}},"21":{"start":{"line":66,"column":2},"end":{"line":99,"column":4}},"22":{"start":{"line":82,"column":36},"end":{"line":82,"column":63}},"23":{"start":{"line":102,"column":15},"end":{"line":112,"column":2}}},"fnMap":{"0":{"name":"(anonymous_0)","decl":{"start":{"line":25,"column":17},"end":{"line":25,"column":18}},"loc":{"start":{"line":25,"column":40},"end":{"line":100,"column":1}},"line":25},"1":{"name":"(anonymous_1)","decl":{"start":{"line":37,"column":32},"end":{"line":37,"column":33}},"loc":{"start":{"line":37,"column":38},"end":{"line":42,"column":3}},"line":37},"2":{"name":"(anonymous_2)","decl":{"start":{"line":44,"column":30},"end":{"line":44,"column":31}},"loc":{"start":{"line":44,"column":36},"end":{"line":46,"column":3}},"line":44},"3":{"name":"(anonymous_3)","decl":{"start":{"line":48,"column":28},"end":{"line":48,"column":29}},"loc":{"start":{"line":48,"column":40},"end":{"line":64,"column":3}},"line":48},"4":{"name":"(anonymous_4)","decl":{"start":{"line":56,"column":40},"end":{"line":56,"column":41}},"loc":{"start":{"line":56,"column":49},"end":{"line":56,"column":70}},"line":56},"5":{"name":"(anonymous_5)","decl":{"start":{"line":82,"column":30},"end":{"line":82,"column":31}},"loc":{"start":{"line":82,"column":36},"end":{"line":82,"column":63}},"line":82}},"branchMap":{"0":{"loc":{"start":{"line":49,"column":4},"end":{"line":51,"column":5}},"type":"if","locations":[{"start":{"line":49,"column":4},"end":{"line":51,"column":5}},{"start":{},"end":{}}],"line":49},"1":{"loc":{"start":{"line":52,"column":4},"end":{"line":54,"column":5}},"type":"if","locations":[{"start":{"line":52,"column":4},"end":{"line":54,"column":5}},{"start":{},"end":{}}],"line":52},"2":{"loc":{"start":{"line":55,"column":4},"end":{"line":57,"column":5}},"type":"if","locations":[{"start":{"line":55,"column":4},"end":{"line":57,"column":5}},{"start":{},"end":{}}],"line":55},"3":{"loc":{"start":{"line":85,"column":9},"end":{"line":96,"column":9}},"type":"binary-expr","locations":[{"start":{"line":85,"column":9},"end":{"line":85,"column":17}},{"start":{"line":86,"column":10},"end":{"line":95,"column":13}}],"line":85}},"s":{"0":1,"1":0,"2":0,"3":0,"4":0,"5":0,"6":0,"7":0,"8":0,"9":0,"10":0,"11":0,"12":0,"13":0,"14":0,"15":0,"16":0,"17":0,"18":0,"19":0,"20":0,"21":0,"22":0,"23":1},"f":{"0":0,"1":0,"2":0,"3":0,"4":0,"5":0},"b":{"0":[0,0],"1":[0,0],"2":[0,0],"3":[0,0]},"_coverageSchema":"1a1c01bbd47fc00a2c39e90264f33305004495a9","hash":"23d53997ba5d66fcb2eeadf10ded14d06d8cd4ad"}
,"/Users/egutierrez/Documents/Repos/Instagram/src/components/FeedPost/index.tsx": {"path":"/Users/egutierrez/Documents/Repos/Instagram/src/components/FeedPost/index.tsx","statementMap":{},"fnMap":{},"branchMap":{},"s":{},"f":{},"b":{},"_coverageSchema":"1a1c01bbd47fc00a2c39e90264f33305004495a9","hash":"09b007952dd0fb44a2f9a78c75776dfca04c22b4"}
,"/Users/egutierrez/Documents/Repos/Instagram/src/components/FeedPost/queries.ts": {"path":"/Users/egutierrez/Documents/Repos/Instagram/src/components/FeedPost/queries.ts","statementMap":{"0":{"start":{"line":3,"column":26},"end":{"line":15,"column":1}}},"fnMap":{},"branchMap":{},"s":{"0":1},"f":{},"b":{},"_coverageSchema":"1a1c01bbd47fc00a2c39e90264f33305004495a9","hash":"9842a53f53af0f794ceff85ad9c1381e7366b54e"}
,"/Users/egutierrez/Documents/Repos/Instagram/src/components/FeedPost/styles.ts": {"path":"/Users/egutierrez/Documents/Repos/Instagram/src/components/FeedPost/styles.ts","statementMap":{},"fnMap":{},"branchMap":{},"s":{},"f":{},"b":{},"_coverageSchema":"1a1c01bbd47fc00a2c39e90264f33305004495a9","hash":"8e444b476f10c42b64120996e305136a0eb09b68"}
,"/Users/egutierrez/Documents/Repos/Instagram/src/components/NotificationListItem/NotificationListItem.tsx": {"path":"/Users/egutierrez/Documents/Repos/Instagram/src/components/NotificationListItem/NotificationListItem.tsx","statementMap":{"0":{"start":{"line":15,"column":26},"end":{"line":19,"column":1}},"1":{"start":{"line":21,"column":29},"end":{"line":53,"column":1}},"2":{"start":{"line":22,"column":21},"end":{"line":22,"column":63}},"3":{"start":{"line":24,"column":18},"end":{"line":31,"column":3}},"4":{"start":{"line":25,"column":4},"end":{"line":30,"column":5}},"5":{"start":{"line":26,"column":6},"end":{"line":29,"column":9}},"6":{"start":{"line":33,"column":25},"end":{"line":37,"column":3}},"7":{"start":{"line":34,"column":4},"end":{"line":36,"column":5}},"8":{"start":{"line":35,"column":6},"end":{"line":35,"column":73}},"9":{"start":{"line":39,"column":2},"end":{"line":52,"column":4}},"10":{"start":{"line":55,"column":15},"end":{"line":75,"column":2}}},"fnMap":{"0":{"name":"(anonymous_0)","decl":{"start":{"line":21,"column":29},"end":{"line":21,"column":30}},"loc":{"start":{"line":21,"column":76},"end":{"line":53,"column":1}},"line":21},"1":{"name":"(anonymous_1)","decl":{"start":{"line":24,"column":18},"end":{"line":24,"column":19}},"loc":{"start":{"line":24,"column":24},"end":{"line":31,"column":3}},"line":24},"2":{"name":"(anonymous_2)","decl":{"start":{"line":33,"column":25},"end":{"line":33,"column":26}},"loc":{"start":{"line":33,"column":31},"end":{"line":37,"column":3}},"line":33}},"branchMap":{"0":{"loc":{"start":{"line":25,"column":4},"end":{"line":30,"column":5}},"type":"if","locations":[{"start":{"line":25,"column":4},"end":{"line":30,"column":5}},{"start":{},"end":{}}],"line":25},"1":{"loc":{"start":{"line":34,"column":4},"end":{"line":36,"column":5}},"type":"if","locations":[{"start":{"line":34,"column":4},"end":{"line":36,"column":5}},{"start":{},"end":{}}],"line":34},"2":{"loc":{"start":{"line":46,"column":7},"end":{"line":50,"column":7}},"type":"binary-expr","locations":[{"start":{"line":46,"column":7},"end":{"line":46,"column":31}},{"start":{"line":47,"column":8},"end":{"line":49,"column":20}}],"line":46}},"s":{"0":1,"1":1,"2":0,"3":0,"4":0,"5":0,"6":0,"7":0,"8":0,"9":0,"10":1},"f":{"0":0,"1":0,"2":0},"b":{"0":[0,0],"1":[0,0],"2":[0,0]},"_coverageSchema":"1a1c01bbd47fc00a2c39e90264f33305004495a9","hash":"0be5449bdf969c5860b39731fbe1c373109c8dfc"}
,"/Users/egutierrez/Documents/Repos/Instagram/src/components/NotificationListItem/index.ts": {"path":"/Users/egutierrez/Documents/Repos/Instagram/src/components/NotificationListItem/index.ts","statementMap":{},"fnMap":{},"branchMap":{},"s":{},"f":{},"b":{}}
,"/Users/egutierrez/Documents/Repos/Instagram/src/components/UserImage/UserImage.tsx": {"path":"/Users/egutierrez/Documents/Repos/Instagram/src/components/UserImage/UserImage.tsx","statementMap":{"0":{"start":{"line":6,"column":18},"end":{"line":32,"column":1}},"1":{"start":{"line":7,"column":34},"end":{"line":7,"column":63}},"2":{"start":{"line":8,"column":34},"end":{"line":8,"column":58}},"3":{"start":{"line":10,"column":2},"end":{"line":21,"column":17}},"4":{"start":{"line":11,"column":4},"end":{"line":20,"column":5}},"5":{"start":{"line":12,"column":6},"end":{"line":17,"column":11}},"6":{"start":{"line":15,"column":10},"end":{"line":15,"column":60}},"7":{"start":{"line":16,"column":10},"end":{"line":16,"column":28}},"8":{"start":{"line":19,"column":6},"end":{"line":19,"column":38}},"9":{"start":{"line":23,"column":2},"end":{"line":31,"column":4}},"10":{"start":{"line":29,"column":21},"end":{"line":29,"column":38}},"11":{"start":{"line":34,"column":15},"end":{"line":36,"column":2}}},"fnMap":{"0":{"name":"(anonymous_0)","decl":{"start":{"line":6,"column":18},"end":{"line":6,"column":19}},"loc":{"start":{"line":6,"column":74},"end":{"line":32,"column":1}},"line":6},"1":{"name":"(anonymous_1)","decl":{"start":{"line":10,"column":12},"end":{"line":10,"column":13}},"loc":{"start":{"line":10,"column":18},"end":{"line":21,"column":3}},"line":10},"2":{"name":"(anonymous_2)","decl":{"start":{"line":14,"column":15},"end":{"line":14,"column":16}},"loc":{"start":{"line":14,"column":24},"end":{"line":17,"column":9}},"line":14},"3":{"name":"(anonymous_3)","decl":{"start":{"line":29,"column":15},"end":{"line":29,"column":16}},"loc":{"start":{"line":29,"column":21},"end":{"line":29,"column":38}},"line":29}},"branchMap":{"0":{"loc":{"start":{"line":11,"column":4},"end":{"line":20,"column":5}},"type":"if","locations":[{"start":{"line":11,"column":4},"end":{"line":20,"column":5}},{"start":{"line":18,"column":11},"end":{"line":20,"column":5}}],"line":11},"1":{"loc":{"start":{"line":26,"column":13},"end":{"line":26,"column":75}},"type":"cond-expr","locations":[{"start":{"line":26,"column":24},"end":{"line":26,"column":42}},{"start":{"line":26,"column":45},"end":{"line":26,"column":75}}],"line":26},"2":{"loc":{"start":{"line":26,"column":45},"end":{"line":26,"column":75}},"type":"binary-expr","locations":[{"start":{"line":26,"column":45},"end":{"line":26,"column":53}},{"start":{"line":26,"column":57},"end":{"line":26,"column":75}}],"line":26},"3":{"loc":{"start":{"line":28,"column":13},"end":{"line":28,"column":42}},"type":"cond-expr","locations":[{"start":{"line":28,"column":21},"end":{"line":28,"column":26}},{"start":{"line":28,"column":29},"end":{"line":28,"column":42}}],"line":28}},"s":{"0":1,"1":0,"2":0,"3":0,"4":0,"5":0,"6":0,"7":0,"8":0,"9":0,"10":0,"11":1},"f":{"0":0,"1":0,"2":0,"3":0},"b":{"0":[0,0],"1":[0,0],"2":[0,0],"3":[0,0]},"_coverageSchema":"1a1c01bbd47fc00a2c39e90264f33305004495a9","hash":"fb021150e2ddb4eeba74e1743493ab2c0e08ebe0"}
,"/Users/egutierrez/Documents/Repos/Instagram/src/components/UserImage/index.ts": {"path":"/Users/egutierrez/Documents/Repos/Instagram/src/components/UserImage/index.ts","statementMap":{},"fnMap":{},"branchMap":{},"s":{},"f":{},"b":{}}
,"/Users/egutierrez/Documents/Repos/Instagram/src/components/UserListItem/UserListItem.tsx": {"path":"/Users/egutierrez/Documents/Repos/Instagram/src/components/UserListItem/UserListItem.tsx","statementMap":{"0":{"start":{"line":13,"column":21},"end":{"line":35,"column":1}},"1":{"start":{"line":14,"column":21},"end":{"line":14,"column":36}},"2":{"start":{"line":16,"column":25},"end":{"line":21,"column":3}},"3":{"start":{"line":17,"column":4},"end":{"line":20,"column":7}},"4":{"start":{"line":23,"column":2},"end":{"line":34,"column":4}},"5":{"start":{"line":37,"column":15},"end":{"line":57,"column":2}}},"fnMap":{"0":{"name":"(anonymous_0)","decl":{"start":{"line":13,"column":21},"end":{"line":13,"column":22}},"loc":{"start":{"line":13,"column":53},"end":{"line":35,"column":1}},"line":13},"1":{"name":"(anonymous_1)","decl":{"start":{"line":16,"column":25},"end":{"line":16,"column":26}},"loc":{"start":{"line":16,"column":31},"end":{"line":21,"column":3}},"line":16}},"branchMap":{"0":{"loc":{"start":{"line":26,"column":22},"end":{"line":26,"column":54}},"type":"binary-expr","locations":[{"start":{"line":26,"column":22},"end":{"line":26,"column":32}},{"start":{"line":26,"column":36},"end":{"line":26,"column":54}}],"line":26}},"s":{"0":1,"1":0,"2":0,"3":0,"4":0,"5":1},"f":{"0":0,"1":0},"b":{"0":[0,0]},"_coverageSchema":"1a1c01bbd47fc00a2c39e90264f33305004495a9","hash":"8c24df67223a5a6b393e2546b4c3149a01b957ea"}
,"/Users/egutierrez/Documents/Repos/Instagram/src/components/UserListItem/index.ts": {"path":"/Users/egutierrez/Documents/Repos/Instagram/src/components/UserListItem/index.ts","statementMap":{},"fnMap":{},"branchMap":{},"s":{},"f":{},"b":{}}
,"/Users/egutierrez/Documents/Repos/Instagram/src/components/VideoPlayer/VideoPlayer.tsx": {"path":"/Users/egutierrez/Documents/Repos/Instagram/src/components/VideoPlayer/VideoPlayer.tsx","statementMap":{"0":{"start":{"line":12,"column":20},"end":{"line":40,"column":1}},"1":{"start":{"line":13,"column":32},"end":{"line":13,"column":46}},"2":{"start":{"line":14,"column":19},"end":{"line":14,"column":44}},"3":{"start":{"line":16,"column":2},"end":{"line":39,"column":4}},"4":{"start":{"line":24,"column":10},"end":{"line":26,"column":11}},"5":{"start":{"line":25,"column":12},"end":{"line":25,"column":37}},"6":{"start":{"line":31,"column":32},"end":{"line":31,"column":51}},"7":{"start":{"line":31,"column":48},"end":{"line":31,"column":50}},"8":{"start":{"line":42,"column":15},"end":{"line":55,"column":2}}},"fnMap":{"0":{"name":"(anonymous_0)","decl":{"start":{"line":12,"column":20},"end":{"line":12,"column":21}},"loc":{"start":{"line":12,"column":60},"end":{"line":40,"column":1}},"line":12},"1":{"name":"(anonymous_1)","decl":{"start":{"line":23,"column":15},"end":{"line":23,"column":16}},"loc":{"start":{"line":23,"column":21},"end":{"line":27,"column":9}},"line":23},"2":{"name":"(anonymous_2)","decl":{"start":{"line":31,"column":26},"end":{"line":31,"column":27}},"loc":{"start":{"line":31,"column":32},"end":{"line":31,"column":51}},"line":31},"3":{"name":"(anonymous_3)","decl":{"start":{"line":31,"column":43},"end":{"line":31,"column":44}},"loc":{"start":{"line":31,"column":48},"end":{"line":31,"column":50}},"line":31}},"branchMap":{"0":{"loc":{"start":{"line":12,"column":27},"end":{"line":12,"column":40}},"type":"default-arg","locations":[{"start":{"line":12,"column":36},"end":{"line":12,"column":40}}],"line":12},"1":{"loc":{"start":{"line":24,"column":10},"end":{"line":26,"column":11}},"type":"if","locations":[{"start":{"line":24,"column":10},"end":{"line":26,"column":11}},{"start":{},"end":{}}],"line":24},"2":{"loc":{"start":{"line":33,"column":16},"end":{"line":33,"column":57}},"type":"cond-expr","locations":[{"start":{"line":33,"column":26},"end":{"line":33,"column":39}},{"start":{"line":33,"column":42},"end":{"line":33,"column":57}}],"line":33}},"s":{"0":2,"1":0,"2":0,"3":0,"4":0,"5":0,"6":0,"7":0,"8":2},"f":{"0":0,"1":0,"2":0,"3":0},"b":{"0":[0],"1":[0,0],"2":[0,0]},"_coverageSchema":"1a1c01bbd47fc00a2c39e90264f33305004495a9","hash":"885c8aff3e2840aa244bf9fc55c8fea04df1254e"}
,"/Users/egutierrez/Documents/Repos/Instagram/src/components/VideoPlayer/index.ts": {"path":"/Users/egutierrez/Documents/Repos/Instagram/src/components/VideoPlayer/index.ts","statementMap":{},"fnMap":{},"branchMap":{},"s":{},"f":{},"b":{}}
,"/Users/egutierrez/Documents/Repos/Instagram/src/config/index.ts": {"path":"/Users/egutierrez/Documents/Repos/Instagram/src/config/index.ts","statementMap":{"0":{"start":{"line":2,"column":2},"end":{"line":2,"column":85}}},"fnMap":{},"branchMap":{},"s":{"0":1},"f":{},"b":{},"_coverageSchema":"1a1c01bbd47fc00a2c39e90264f33305004495a9","hash":"6888d1edb9a484effc4f8bf8bd507caaf07db8d0"}
[...]
,"/Users/egutierrez/Documents/Repos/Instagram/src/services/CommentsService/index.ts": {"path":"/Users/egutierrez/Documents/Repos/Instagram/src/services/CommentsService/index.ts","statementMap":{},"fnMap":{},"branchMap":{},"s":{},"f":{},"b":{}}
,"/Users/egutierrez/Documents/Repos/Instagram/src/services/CommentsService/queries.ts": {"path":"/Users/egutierrez/Documents/Repos/Instagram/src/services/CommentsService/queries.ts","statementMap":{"0":{"start":{"line":3,"column":23},"end":{"line":16,"column":1}},"1":{"start":{"line":18,"column":26},"end":{"line":33,"column":1}},"2":{"start":{"line":35,"column":29},"end":{"line":67,"column":1}},"3":{"start":{"line":69,"column":30},"end":{"line":144,"column":1}},"4":{"start":{"line":146,"column":34},"end":{"line":165,"column":1}}},"fnMap":{},"branchMap":{},"s":{"0":1,"1":1,"2":1,"3":1,"4":1},"f":{},"b":{},"_coverageSchema":"1a1c01bbd47fc00a2c39e90264f33305004495a9","hash":"bf931205fe1c24b60414249d02caa201354344f7"}
,"/Users/egutierrez/Documents/Repos/Instagram/src/services/LikeCommentService/LikeCommentService.ts": {"path":"/Users/egutierrez/Documents/Repos/Instagram/src/services/LikeCommentService/LikeCommentService.ts","statementMap":{"0":{"start":{"line":22,"column":30},"end":{"line":110,"column":1}},"1":{"start":{"line":23,"column":19},"end":{"line":23,"column":35}},"2":{"start":{"line":25,"column":28},"end":{"line":28,"column":18}},"3":{"start":{"line":30,"column":32},"end":{"line":36,"column":4}},"4":{"start":{"line":38,"column":33},"end":{"line":48,"column":4}},"5":{"start":{"line":50,"column":25},"end":{"line":53,"column":22}},"6":{"start":{"line":55,"column":28},"end":{"line":70,"column":3}},"7":{"start":{"line":56,"column":4},"end":{"line":59,"column":5}},"8":{"start":{"line":57,"column":6},"end":{"line":57,"column":62}},"9":{"start":{"line":58,"column":6},"end":{"line":58,"column":13}},"10":{"start":{"line":61,"column":4},"end":{"line":69,"column":7}},"11":{"start":{"line":72,"column":19},"end":{"line":74,"column":8}},"12":{"start":{"line":73,"column":12},"end":{"line":73,"column":27}},"13":{"start":{"line":76,"column":23},"end":{"line":90,"column":3}},"14":{"start":{"line":77,"column":4},"end":{"line":79,"column":5}},"15":{"start":{"line":78,"column":6},"end":{"line":78,"column":13}},"16":{"start":{"line":81,"column":4},"end":{"line":88,"column":7}},"17":{"start":{"line":89,"column":4},"end":{"line":89,"column":26}},"18":{"start":{"line":92,"column":20},"end":{"line":95,"column":3}},"19":{"start":{"line":93,"column":4},"end":{"line":93,"column":26}},"20":{"start":{"line":94,"column":4},"end":{"line":94,"column":25}},"21":{"start":{"line":97,"column":24},"end":{"line":103,"column":3}},"22":{"start":{"line":98,"column":4},"end":{"line":102,"column":5}},"23":{"start":{"line":99,"column":6},"end":{"line":99,"column":21}},"24":{"start":{"line":101,"column":6},"end":{"line":101,"column":18}},"25":{"start":{"line":105,"column":2},"end":{"line":109,"column":4}}},"fnMap":{"0":{"name":"(anonymous_0)","decl":{"start":{"line":22,"column":30},"end":{"line":22,"column":31}},"loc":{"start":{"line":22,"column":52},"end":{"line":110,"column":1}},"line":22},"1":{"name":"(anonymous_1)","decl":{"start":{"line":55,"column":28},"end":{"line":55,"column":29}},"loc":{"start":{"line":55,"column":48},"end":{"line":70,"column":3}},"line":55},"2":{"name":"(anonymous_2)","decl":{"start":{"line":73,"column":4},"end":{"line":73,"column":5}},"loc":{"start":{"line":73,"column":12},"end":{"line":73,"column":27}},"line":73},"3":{"name":"(anonymous_3)","decl":{"start":{"line":76,"column":23},"end":{"line":76,"column":24}},"loc":{"start":{"line":76,"column":29},"end":{"line":90,"column":3}},"line":76},"4":{"name":"(anonymous_4)","decl":{"start":{"line":92,"column":20},"end":{"line":92,"column":21}},"loc":{"start":{"line":92,"column":26},"end":{"line":95,"column":3}},"line":92},"5":{"name":"(anonymous_5)","decl":{"start":{"line":97,"column":24},"end":{"line":97,"column":25}},"loc":{"start":{"line":97,"column":30},"end":{"line":103,"column":3}},"line":97}},"branchMap":{"0":{"loc":{"start":{"line":56,"column":4},"end":{"line":59,"column":5}},"type":"if","locations":[{"start":{"line":56,"column":4},"end":{"line":59,"column":5}},{"start":{},"end":{}}],"line":56},"1":{"loc":{"start":{"line":77,"column":4},"end":{"line":79,"column":5}},"type":"if","locations":[{"start":{"line":77,"column":4},"end":{"line":79,"column":5}},{"start":{},"end":{}}],"line":77},"2":{"loc":{"start":{"line":98,"column":4},"end":{"line":102,"column":5}},"type":"if","locations":[{"start":{"line":98,"column":4},"end":{"line":102,"column":5}},{"start":{"line":100,"column":11},"end":{"line":102,"column":5}}],"line":98}},"s":{"0":1,"1":0,"2":0,"3":0,"4":0,"5":0,"6":0,"7":0,"8":0,"9":0,"10":0,"11":0,"12":0,"13":0,"14":0,"15":0,"16":0,"17":0,"18":0,"19":0,"20":0,"21":0,"22":0,"23":0,"24":0,"25":0},"f":{"0":0,"1":0,"2":0,"3":0,"4":0,"5":0},"b":{"0":[0,0],"1":[0,0],"2":[0,0]},"_coverageSchema":"1a1c01bbd47fc00a2c39e90264f33305004495a9","hash":"23e1b0d6035f5455ba35bdd8e22a787a51c8b0e1"}
,"/Users/egutierrez/Documents/Repos/Instagram/src/services/LikeCommentService/index.ts": {"path":"/Users/egutierrez/Documents/Repos/Instagram/src/services/LikeCommentService/index.ts","statementMap":{},"fnMap":{},"branchMap":{},"s":{},"f":{},"b":{},"_coverageSchema":"1a1c01bbd47fc00a2c39e90264f33305004495a9","hash":"710952e20e65d84470fc3fc75beb220d7a09860b"}
,"/Users/egutierrez/Documents/Repos/Instagram/src/services/LikeCommentService/queries.ts": {"path":"/Users/egutierrez/Documents/Repos/Instagram/src/services/LikeCommentService/queries.ts","statementMap":{"0":{"start":{"line":3,"column":33},"end":{"line":20,"column":1}},"1":{"start":{"line":22,"column":29},"end":{"line":38,"column":1}},"2":{"start":{"line":40,"column":37},"end":{"line":78,"column":1}},"3":{"start":{"line":80,"column":33},"end":{"line":95,"column":1}}},"fnMap":{},"branchMap":{},"s":{"0":1,"1":1,"2":1,"3":1},"f":{},"b":{},"_coverageSchema":"1a1c01bbd47fc00a2c39e90264f33305004495a9","hash":"96dc75ccdd461b57b4c025185ae1de35ca48ee71"}
,"/Users/egutierrez/Documents/Repos/Instagram/src/services/LikeService/LikeService.ts": {"path":"/Users/egutierrez/Documents/Repos/Instagram/src/services/LikeService/LikeService.ts","statementMap":{"0":{"start":{"line":23,"column":23},"end":{"line":130,"column":1}},"1":{"start":{"line":24,"column":19},"end":{"line":24,"column":35}},"2":{"start":{"line":26,"column":32},"end":{"line":36,"column":4}},"3":{"start":{"line":38,"column":25},"end":{"line":41,"column":15}},"4":{"start":{"line":43,"column":25},"end":{"line":49,"column":4}},"5":{"start":{"line":51,"column":25},"end":{"line":54,"column":15}},"6":{"start":{"line":56,"column":33},"end":{"line":66,"column":4}},"7":{"start":{"line":68,"column":19},"end":{"line":70,"column":8}},"8":{"start":{"line":69,"column":12},"end":{"line":69,"column":27}},"9":{"start":{"line":72,"column":28},"end":{"line":82,"column":3}},"10":{"start":{"line":73,"column":4},"end":{"line":81,"column":7}},"11":{"start":{"line":84,"column":20},"end":{"line":100,"column":3}},"12":{"start":{"line":85,"column":4},"end":{"line":99,"column":5}},"13":{"start":{"line":86,"column":6},"end":{"line":89,"column":9}},"14":{"start":{"line":87,"column":8},"end":{"line":87,"column":52}},"15":{"start":{"line":88,"column":8},"end":{"line":88,"column":20}},"16":{"start":{"line":91,"column":6},"end":{"line":94,"column":9}},"17":{"start":{"line":92,"column":8},"end":{"line":92,"column":60}},"18":{"start":{"line":93,"column":8},"end":{"line":93,"column":20}},"19":{"start":{"line":96,"column":6},"end":{"line":96,"column":27}},"20":{"start":{"line":98,"column":6},"end":{"line":98,"column":47}},"21":{"start":{"line":102,"column":23},"end":{"line":116,"column":3}},"22":{"start":{"line":103,"column":4},"end":{"line":105,"column":5}},"23":{"start":{"line":104,"column":6},"end":{"line":104,"column":13}},"24":{"start":{"line":107,"column":4},"end":{"line":114,"column":7}},"25":{"start":{"line":115,"column":4},"end":{"line":115,"column":26}},"26":{"start":{"line":118,"column":24},"end":{"line":124,"column":3}},"27":{"start":{"line":119,"column":4},"end":{"line":123,"column":5}},"28":{"start":{"line":120,"column":6},"end":{"line":120,"column":21}},"29":{"start":{"line":122,"column":6},"end":{"line":122,"column":18}},"30":{"start":{"line":126,"column":2},"end":{"line":129,"column":4}}},"fnMap":{"0":{"name":"(anonymous_0)","decl":{"start":{"line":23,"column":23},"end":{"line":23,"column":24}},"loc":{"start":{"line":23,"column":39},"end":{"line":130,"column":1}},"line":23},"1":{"name":"(anonymous_1)","decl":{"start":{"line":69,"column":4},"end":{"line":69,"column":5}},"loc":{"start":{"line":69,"column":12},"end":{"line":69,"column":27}},"line":69},"2":{"name":"(anonymous_2)","decl":{"start":{"line":72,"column":28},"end":{"line":72,"column":29}},"loc":{"start":{"line":72,"column":48},"end":{"line":82,"column":3}},"line":72},"3":{"name":"(anonymous_3)","decl":{"start":{"line":84,"column":20},"end":{"line":84,"column":21}},"loc":{"start":{"line":84,"column":32},"end":{"line":100,"column":3}},"line":84},"4":{"name":"(anonymous_4)","decl":{"start":{"line":86,"column":33},"end":{"line":86,"column":34}},"loc":{"start":{"line":86,"column":42},"end":{"line":89,"column":7}},"line":86},"5":{"name":"(anonymous_5)","decl":{"start":{"line":91,"column":41},"end":{"line":91,"column":42}},"loc":{"start":{"line":91,"column":50},"end":{"line":94,"column":7}},"line":91},"6":{"name":"(anonymous_6)","decl":{"start":{"line":102,"column":23},"end":{"line":102,"column":24}},"loc":{"start":{"line":102,"column":29},"end":{"line":116,"column":3}},"line":102},"7":{"name":"(anonymous_7)","decl":{"start":{"line":118,"column":24},"end":{"line":118,"column":25}},"loc":{"start":{"line":118,"column":30},"end":{"line":124,"column":3}},"line":118}},"branchMap":{"0":{"loc":{"start":{"line":103,"column":4},"end":{"line":105,"column":5}},"type":"if","locations":[{"start":{"line":103,"column":4},"end":{"line":105,"column":5}},{"start":{},"end":{}}],"line":103},"1":{"loc":{"start":{"line":119,"column":4},"end":{"line":123,"column":5}},"type":"if","locations":[{"start":{"line":119,"column":4},"end":{"line":123,"column":5}},{"start":{"line":121,"column":11},"end":{"line":123,"column":5}}],"line":119}},"s":{"0":1,"1":0,"2":0,"3":0,"4":0,"5":0,"6":0,"7":0,"8":0,"9":0,"10":0,"11":0,"12":0,"13":0,"14":0,"15":0,"16":0,"17":0,"18":0,"19":0,"20":0,"21":0,"22":0,"23":0,"24":0,"25":0,"26":0,"27":0,"28":0,"29":0,"30":0},"f":{"0":0,"1":0,"2":0,"3":0,"4":0,"5":0,"6":0,"7":0},"b":{"0":[0,0],"1":[0,0]},"_coverageSchema":"1a1c01bbd47fc00a2c39e90264f33305004495a9","hash":"a5da3b803bb00c9cd90ca8520261010ce485bc4a"}
,"/Users/egutierrez/Documents/Repos/Instagram/src/services/LikeService/index.ts": {"path":"/Users/egutierrez/Documents/Repos/Instagram/src/services/LikeService/index.ts","statementMap":{},"fnMap":{},"branchMap":{},"s":{},"f":{},"b":{}}
,"/Users/egutierrez/Documents/Repos/Instagram/src/services/LikeService/queries.ts": {"path":"/Users/egutierrez/Documents/Repos/Instagram/src/services/LikeService/queries.ts","statementMap":{"0":{"start":{"line":3,"column":26},"end":{"line":19,"column":1}},"1":{"start":{"line":21,"column":34},"end":{"line":69,"column":1}},"2":{"start":{"line":71,"column":26},"end":{"line":84,"column":1}},"3":{"start":{"line":86,"column":26},"end":{"line":101,"column":1}},"4":{"start":{"line":103,"column":34},"end":{"line":122,"column":1}}},"fnMap":{},"branchMap":{},"s":{"0":1,"1":1,"2":1,"3":1,"4":1},"f":{},"b":{},"_coverageSchema":"1a1c01bbd47fc00a2c39e90264f33305004495a9","hash":"f67d6495fffe066bb4081e4df4cb8281045e012c"}
,"/Users/egutierrez/Documents/Repos/Instagram/src/services/PushNotifications/PushNotifications.tsx": {"path":"/Users/egutierrez/Documents/Repos/Instagram/src/services/PushNotifications/PushNotifications.tsx","statementMap":{"0":{"start":{"line":17,"column":0},"end":{"line":19,"column":3}},"1":{"start":{"line":18,"column":2},"end":{"line":18,"column":67}},"2":{"start":{"line":21,"column":26},"end":{"line":103,"column":1}},"3":{"start":{"line":22,"column":19},"end":{"line":22,"column":35}},"4":{"start":{"line":23,"column":32},"end":{"line":23,"column":47}},"5":{"start":{"line":24,"column":28},"end":{"line":24,"column":58}},"6":{"start":{"line":26,"column":21},"end":{"line":26,"column":36}},"7":{"start":{"line":28,"column":17},"end":{"line":32,"column":4}},"8":{"start":{"line":34,"column":25},"end":{"line":37,"column":15}},"9":{"start":{"line":39,"column":2},"end":{"line":53,"column":9}},"10":{"start":{"line":41,"column":25},"end":{"line":41,"column":62}},"11":{"start":{"line":43,"column":8},"end":{"line":44,"column":64}},"12":{"start":{"line":46,"column":6},"end":{"line":49,"column":7}},"13":{"start":{"line":47,"column":8},"end":{"line":47,"column":31}},"14":{"start":{"line":48,"column":8},"end":{"line":48,"column":31}},"15":{"start":{"line":52,"column":4},"end":{"line":52,"column":28}},"16":{"start":{"line":55,"column":2},"end":{"line":65,"column":16}},"17":{"start":{"line":56,"column":4},"end":{"line":58,"column":5}},"18":{"start":{"line":57,"column":6},"end":{"line":57,"column":13}},"19":{"start":{"line":60,"column":4},"end":{"line":60,"column":46}},"20":{"start":{"line":62,"column":4},"end":{"line":62,"column":60}},"21":{"start":{"line":64,"column":4},"end":{"line":64,"column":66}},"22":{"start":{"line":67,"column":2},"end":{"line":82,"column":33}},"23":{"start":{"line":68,"column":4},"end":{"line":70,"column":5}},"24":{"start":{"line":69,"column":6},"end":{"line":69,"column":13}},"25":{"start":{"line":72,"column":17},"end":{"line":72,"column":29}},"26":{"start":{"line":73,"column":4},"end":{"line":81,"column":7}},"27":{"start":{"line":84,"column":29},"end":{"line":94,"column":3}},"28":{"start":{"line":87,"column":4},"end":{"line":89,"column":5}},"29":{"start":{"line":88,"column":6},"end":{"line":88,"column":13}},"30":{"start":{"line":91,"column":4},"end":{"line":93,"column":5}},"31":{"start":{"line":92,"column":6},"end":{"line":92,"column":68}},"32":{"start":{"line":96,"column":25},"end":{"line":100,"column":3}},"33":{"start":{"line":97,"column":4},"end":{"line":97,"column":56}},"34":{"start":{"line":98,"column":21},"end":{"line":98,"column":49}},"35":{"start":{"line":99,"column":4},"end":{"line":99,"column":23}},"36":{"start":{"line":102,"column":2},"end":{"line":102,"column":14}}},"fnMap":{"0":{"name":"(anonymous_0)","decl":{"start":{"line":17,"column":40},"end":{"line":17,"column":41}},"loc":{"start":{"line":17,"column":63},"end":{"line":19,"column":1}},"line":17},"1":{"name":"(anonymous_1)","decl":{"start":{"line":21,"column":26},"end":{"line":21,"column":27}},"loc":{"start":{"line":21,"column":32},"end":{"line":103,"column":1}},"line":21},"2":{"name":"(anonymous_2)","decl":{"start":{"line":39,"column":12},"end":{"line":39,"column":13}},"loc":{"start":{"line":39,"column":18},"end":{"line":53,"column":3}},"line":39},"3":{"name":"requestUserPermission","decl":{"start":{"line":40,"column":19},"end":{"line":40,"column":40}},"loc":{"start":{"line":40,"column":43},"end":{"line":50,"column":5}},"line":40},"4":{"name":"(anonymous_4)","decl":{"start":{"line":55,"column":12},"end":{"line":55,"column":13}},"loc":{"start":{"line":55,"column":18},"end":{"line":65,"column":3}},"line":55},"5":{"name":"(anonymous_5)","decl":{"start":{"line":67,"column":12},"end":{"line":67,"column":13}},"loc":{"start":{"line":67,"column":18},"end":{"line":82,"column":3}},"line":67},"6":{"name":"(anonymous_6)","decl":{"start":{"line":84,"column":29},"end":{"line":84,"column":30}},"loc":{"start":{"line":86,"column":7},"end":{"line":94,"column":3}},"line":86},"7":{"name":"(anonymous_7)","decl":{"start":{"line":96,"column":25},"end":{"line":96,"column":26}},"loc":{"start":{"line":96,"column":37},"end":{"line":100,"column":3}},"line":96}},"branchMap":{"0":{"loc":{"start":{"line":43,"column":8},"end":{"line":44,"column":64}},"type":"binary-expr","locations":[{"start":{"line":43,"column":8},"end":{"line":43,"column":63}},{"start":{"line":44,"column":8},"end":{"line":44,"column":64}}],"line":43},"1":{"loc":{"start":{"line":46,"column":6},"end":{"line":49,"column":7}},"type":"if","locations":[{"start":{"line":46,"column":6},"end":{"line":49,"column":7}},{"start":{},"end":{}}],"line":46},"2":{"loc":{"start":{"line":56,"column":4},"end":{"line":58,"column":5}},"type":"if","locations":[{"start":{"line":56,"column":4},"end":{"line":58,"column":5}},{"start":{},"end":{}}],"line":56},"3":{"loc":{"start":{"line":68,"column":4},"end":{"line":70,"column":5}},"type":"if","locations":[{"start":{"line":68,"column":4},"end":{"line":70,"column":5}},{"start":{},"end":{}}],"line":68},"4":{"loc":{"start":{"line":68,"column":8},"end":{"line":68,"column":36}},"type":"binary-expr","locations":[{"start":{"line":68,"column":8},"end":{"line":68,"column":14}},{"start":{"line":68,"column":18},"end":{"line":68,"column":36}}],"line":68},"5":{"loc":{"start":{"line":87,"column":4},"end":{"line":89,"column":5}},"type":"if","locations":[{"start":{"line":87,"column":4},"end":{"line":89,"column":5}},{"start":{},"end":{}}],"line":87},"6":{"loc":{"start":{"line":91,"column":4},"end":{"line":93,"column":5}},"type":"if","locations":[{"start":{"line":91,"column":4},"end":{"line":93,"column":5}},{"start":{},"end":{}}],"line":91}},"s":{"0":1,"1":0,"2":1,"3":0,"4":0,"5":0,"6":0,"7":0,"8":0,"9":0,"10":0,"11":0,"12":0,"13":0,"14":0,"15":0,"16":0,"17":0,"18":0,"19":0,"20":0,"21":0,"22":0,"23":0,"24":0,"25":0,"26":0,"27":0,"28":0,"29":0,"30":0,"31":0,"32":0,"33":0,"34":0,"35":0,"36":0},"f":{"0":0,"1":0,"2":0,"3":0,"4":0,"5":0,"6":0,"7":0},"b":{"0":[0,0],"1":[0,0],"2":[0,0],"3":[0,0],"4":[0,0],"5":[0,0],"6":[0,0]},"_coverageSchema":"1a1c01bbd47fc00a2c39e90264f33305004495a9","hash":"b89a424f3feff3a317c9fcd9e407a646d2abe81b"}
,"/Users/egutierrez/Documents/Repos/Instagram/src/services/PushNotifications/index.ts": {"path":"/Users/egutierrez/Documents/Repos/Instagram/src/services/PushNotifications/index.ts","statementMap":{},"fnMap":{},"branchMap":{},"s":{},"f":{},"b":{}}
,"/Users/egutierrez/Documents/Repos/Instagram/src/services/PushNotifications/queries.ts": {"path":"/Users/egutierrez/Documents/Repos/Instagram/src/services/PushNotifications/queries.ts","statementMap":{"0":{"start":{"line":3,"column":26},"end":{"line":18,"column":1}},"1":{"start":{"line":20,"column":23},"end":{"line":31,"column":1}}},"fnMap":{},"branchMap":{},"s":{"0":1,"1":1},"f":{},"b":{},"_coverageSchema":"1a1c01bbd47fc00a2c39e90264f33305004495a9","hash":"a249f371d8df06423f924d933efb42c0fa0fc8be"}
,"/Users/egutierrez/Documents/Repos/Instagram/src/theme/colors.ts": {"path":"/Users/egutierrez/Documents/Repos/Instagram/src/theme/colors.ts","statementMap":{"0":{"start":{"line":1,"column":15},"end":{"line":13,"column":1}}},"fnMap":{},"branchMap":{},"s":{"0":4},"f":{},"b":{},"_coverageSchema":"1a1c01bbd47fc00a2c39e90264f33305004495a9","hash":"2ff73294c587bdf27c4ef2bec2d7eabd4f723dda"}
,"/Users/egutierrez/Documents/Repos/Instagram/src/theme/fonts.ts": {"path":"/Users/egutierrez/Documents/Repos/Instagram/src/theme/fonts.ts","statementMap":{"0":{"start":{"line":3,"column":13},"end":{"line":11,"column":1}},"1":{"start":{"line":13,"column":57},"end":{"line":19,"column":1}}},"fnMap":{},"branchMap":{},"s":{"0":4,"1":4},"f":{},"b":{},"_coverageSchema":"1a1c01bbd47fc00a2c39e90264f33305004495a9","hash":"3819ac90447f9bb316f6305110907bc78d572a76"}
,"/Users/egutierrez/Documents/Repos/Instagram/src/types/navigation.ts": {"path":"/Users/egutierrez/Documents/Repos/Instagram/src/types/navigation.ts","statementMap":{},"fnMap":{},"branchMap":{},"s":{},"f":{},"b":{}}
}
